CRITICAL - 2023-06-21 02:13:51 --> Undefined variable $genre
in APPPATH/Views/film/add.php on line 29.
 1 APPPATH/Views/film/add.php(29): CodeIgniter\Debug\Exceptions->errorHandler()
 2 SYSTEMPATH/View/View.php(213): include('/home/shirooneko/Documents/webFramework/PHP Framework - CRUD/app/Views/film/add.php')
 3 SYSTEMPATH/View/View.php(216): CodeIgniter\View\View->CodeIgniter\View\{closure}()
 4 SYSTEMPATH/Common.php(1184): CodeIgniter\View\View->render()
 5 APPPATH/Controllers/Film.php(43): view()
 6 SYSTEMPATH/CodeIgniter.php(934): App\Controllers\Film->add()
 7 SYSTEMPATH/CodeIgniter.php(499): CodeIgniter\CodeIgniter->runController()
 8 SYSTEMPATH/CodeIgniter.php(368): CodeIgniter\CodeIgniter->handleRequest()
 9 FCPATH/index.php(67): CodeIgniter\CodeIgniter->run()
10 SYSTEMPATH/Commands/Server/rewrite.php(47): require_once('/home/shirooneko/Documents/webFramework/PHP Framework - CRUD/public/index.php')
ERROR - 2023-06-21 02:32:09 --> mysqli_sql_exception: Column 'nama_film' cannot be null in /home/shirooneko/Documents/webFramework/PHP Framework - CRUD/vendor/codeigniter4/framework/system/Database/MySQLi/Connection.php:295
Stack trace:
#0 /home/shirooneko/Documents/webFramework/PHP Framework - CRUD/vendor/codeigniter4/framework/system/Database/MySQLi/Connection.php(295): mysqli->query()
#1 /home/shirooneko/Documents/webFramework/PHP Framework - CRUD/vendor/codeigniter4/framework/system/Database/BaseConnection.php(692): CodeIgniter\Database\MySQLi\Connection->execute()
#2 /home/shirooneko/Documents/webFramework/PHP Framework - CRUD/vendor/codeigniter4/framework/system/Database/BaseConnection.php(606): CodeIgniter\Database\BaseConnection->simpleQuery()
#3 /home/shirooneko/Documents/webFramework/PHP Framework - CRUD/vendor/codeigniter4/framework/system/Database/BaseBuilder.php(2309): CodeIgniter\Database\BaseConnection->query()
#4 /home/shirooneko/Documents/webFramework/PHP Framework - CRUD/vendor/codeigniter4/framework/system/Model.php(330): CodeIgniter\Database\BaseBuilder->insert()
#5 /home/shirooneko/Documents/webFramework/PHP Framework - CRUD/vendor/codeigniter4/framework/system/BaseModel.php(782): CodeIgniter\Model->doInsert()
#6 /home/shirooneko/Documents/webFramework/PHP Framework - CRUD/vendor/codeigniter4/framework/system/Model.php(730): CodeIgniter\BaseModel->insert()
#7 /home/shirooneko/Documents/webFramework/PHP Framework - CRUD/vendor/codeigniter4/framework/system/BaseModel.php(692): CodeIgniter\Model->insert()
#8 /home/shirooneko/Documents/webFramework/PHP Framework - CRUD/app/Controllers/Film.php(61): CodeIgniter\BaseModel->save()
#9 /home/shirooneko/Documents/webFramework/PHP Framework - CRUD/vendor/codeigniter4/framework/system/CodeIgniter.php(934): App\Controllers\Film->store()
#10 /home/shirooneko/Documents/webFramework/PHP Framework - CRUD/vendor/codeigniter4/framework/system/CodeIgniter.php(499): CodeIgniter\CodeIgniter->runController()
#11 /home/shirooneko/Documents/webFramework/PHP Framework - CRUD/vendor/codeigniter4/framework/system/CodeIgniter.php(368): CodeIgniter\CodeIgniter->handleRequest()
#12 /home/shirooneko/Documents/webFramework/PHP Framework - CRUD/public/index.php(67): CodeIgniter\CodeIgniter->run()
#13 /home/shirooneko/Documents/webFramework/PHP Framework - CRUD/vendor/codeigniter4/framework/system/Commands/Server/rewrite.php(47): require_once('...')
#14 {main}
CRITICAL - 2023-06-21 02:32:09 --> Column 'nama_film' cannot be null
in SYSTEMPATH/Database/MySQLi/Connection.php on line 295.
 1 SYSTEMPATH/Database/MySQLi/Connection.php(295): mysqli->query()
 2 SYSTEMPATH/Database/BaseConnection.php(692): CodeIgniter\Database\MySQLi\Connection->execute()
 3 SYSTEMPATH/Database/BaseConnection.php(606): CodeIgniter\Database\BaseConnection->simpleQuery()
 4 SYSTEMPATH/Database/BaseBuilder.php(2309): CodeIgniter\Database\BaseConnection->query()
 5 SYSTEMPATH/Model.php(330): CodeIgniter\Database\BaseBuilder->insert()
 6 SYSTEMPATH/BaseModel.php(782): CodeIgniter\Model->doInsert()
 7 SYSTEMPATH/Model.php(730): CodeIgniter\BaseModel->insert()
 8 SYSTEMPATH/BaseModel.php(692): CodeIgniter\Model->insert()
 9 APPPATH/Controllers/Film.php(61): CodeIgniter\BaseModel->save()
10 SYSTEMPATH/CodeIgniter.php(934): App\Controllers\Film->store()
11 SYSTEMPATH/CodeIgniter.php(499): CodeIgniter\CodeIgniter->runController()
12 SYSTEMPATH/CodeIgniter.php(368): CodeIgniter\CodeIgniter->handleRequest()
13 FCPATH/index.php(67): CodeIgniter\CodeIgniter->run()
14 SYSTEMPATH/Commands/Server/rewrite.php(47): require_once('/home/shirooneko/Documents/webFramework/PHP Framework - CRUD/public/index.php')
CRITICAL - 2023-06-21 02:33:21 --> Allowed fields must be specified for model: "App\Models\FilmModel"
in SYSTEMPATH/BaseModel.php on line 1242.
 1 SYSTEMPATH/BaseModel.php(1242): CodeIgniter\Database\Exceptions\DataException::forInvalidAllowedFields()
 2 SYSTEMPATH/BaseModel.php(757): CodeIgniter\BaseModel->doProtectFields()
 3 SYSTEMPATH/Model.php(730): CodeIgniter\BaseModel->insert()
 4 SYSTEMPATH/BaseModel.php(692): CodeIgniter\Model->insert()
 5 APPPATH/Controllers/Film.php(61): CodeIgniter\BaseModel->save()
 6 SYSTEMPATH/CodeIgniter.php(934): App\Controllers\Film->store()
 7 SYSTEMPATH/CodeIgniter.php(499): CodeIgniter\CodeIgniter->runController()
 8 SYSTEMPATH/CodeIgniter.php(368): CodeIgniter\CodeIgniter->handleRequest()
 9 FCPATH/index.php(67): CodeIgniter\CodeIgniter->run()
10 SYSTEMPATH/Commands/Server/rewrite.php(47): require_once('/home/shirooneko/Documents/webFramework/PHP Framework - CRUD/public/index.php')
ERROR - 2023-06-21 02:34:02 --> mysqli_sql_exception: Column 'cover' cannot be null in /home/shirooneko/Documents/webFramework/PHP Framework - CRUD/vendor/codeigniter4/framework/system/Database/MySQLi/Connection.php:295
Stack trace:
#0 /home/shirooneko/Documents/webFramework/PHP Framework - CRUD/vendor/codeigniter4/framework/system/Database/MySQLi/Connection.php(295): mysqli->query()
#1 /home/shirooneko/Documents/webFramework/PHP Framework - CRUD/vendor/codeigniter4/framework/system/Database/BaseConnection.php(692): CodeIgniter\Database\MySQLi\Connection->execute()
#2 /home/shirooneko/Documents/webFramework/PHP Framework - CRUD/vendor/codeigniter4/framework/system/Database/BaseConnection.php(606): CodeIgniter\Database\BaseConnection->simpleQuery()
#3 /home/shirooneko/Documents/webFramework/PHP Framework - CRUD/vendor/codeigniter4/framework/system/Database/BaseBuilder.php(2309): CodeIgniter\Database\BaseConnection->query()
#4 /home/shirooneko/Documents/webFramework/PHP Framework - CRUD/vendor/codeigniter4/framework/system/Model.php(330): CodeIgniter\Database\BaseBuilder->insert()
#5 /home/shirooneko/Documents/webFramework/PHP Framework - CRUD/vendor/codeigniter4/framework/system/BaseModel.php(782): CodeIgniter\Model->doInsert()
#6 /home/shirooneko/Documents/webFramework/PHP Framework - CRUD/vendor/codeigniter4/framework/system/Model.php(730): CodeIgniter\BaseModel->insert()
#7 /home/shirooneko/Documents/webFramework/PHP Framework - CRUD/vendor/codeigniter4/framework/system/BaseModel.php(692): CodeIgniter\Model->insert()
#8 /home/shirooneko/Documents/webFramework/PHP Framework - CRUD/app/Controllers/Film.php(61): CodeIgniter\BaseModel->save()
#9 /home/shirooneko/Documents/webFramework/PHP Framework - CRUD/vendor/codeigniter4/framework/system/CodeIgniter.php(934): App\Controllers\Film->store()
#10 /home/shirooneko/Documents/webFramework/PHP Framework - CRUD/vendor/codeigniter4/framework/system/CodeIgniter.php(499): CodeIgniter\CodeIgniter->runController()
#11 /home/shirooneko/Documents/webFramework/PHP Framework - CRUD/vendor/codeigniter4/framework/system/CodeIgniter.php(368): CodeIgniter\CodeIgniter->handleRequest()
#12 /home/shirooneko/Documents/webFramework/PHP Framework - CRUD/public/index.php(67): CodeIgniter\CodeIgniter->run()
#13 /home/shirooneko/Documents/webFramework/PHP Framework - CRUD/vendor/codeigniter4/framework/system/Commands/Server/rewrite.php(47): require_once('...')
#14 {main}
CRITICAL - 2023-06-21 02:34:02 --> Column 'cover' cannot be null
in SYSTEMPATH/Database/MySQLi/Connection.php on line 295.
 1 SYSTEMPATH/Database/MySQLi/Connection.php(295): mysqli->query()
 2 SYSTEMPATH/Database/BaseConnection.php(692): CodeIgniter\Database\MySQLi\Connection->execute()
 3 SYSTEMPATH/Database/BaseConnection.php(606): CodeIgniter\Database\BaseConnection->simpleQuery()
 4 SYSTEMPATH/Database/BaseBuilder.php(2309): CodeIgniter\Database\BaseConnection->query()
 5 SYSTEMPATH/Model.php(330): CodeIgniter\Database\BaseBuilder->insert()
 6 SYSTEMPATH/BaseModel.php(782): CodeIgniter\Model->doInsert()
 7 SYSTEMPATH/Model.php(730): CodeIgniter\BaseModel->insert()
 8 SYSTEMPATH/BaseModel.php(692): CodeIgniter\Model->insert()
 9 APPPATH/Controllers/Film.php(61): CodeIgniter\BaseModel->save()
10 SYSTEMPATH/CodeIgniter.php(934): App\Controllers\Film->store()
11 SYSTEMPATH/CodeIgniter.php(499): CodeIgniter\CodeIgniter->runController()
12 SYSTEMPATH/CodeIgniter.php(368): CodeIgniter\CodeIgniter->handleRequest()
13 FCPATH/index.php(67): CodeIgniter\CodeIgniter->run()
14 SYSTEMPATH/Commands/Server/rewrite.php(47): require_once('/home/shirooneko/Documents/webFramework/PHP Framework - CRUD/public/index.php')
CRITICAL - 2023-06-21 03:04:27 --> The route for "/film/table" cannot be found.
in SYSTEMPATH/HTTP/RedirectResponse.php on line 60.
 1 SYSTEMPATH/HTTP/RedirectResponse.php(60): CodeIgniter\HTTP\Exceptions\HTTPException::forInvalidRedirectRoute()
 2 SYSTEMPATH/Common.php(880): CodeIgniter\HTTP\RedirectResponse->route()
 3 APPPATH/Controllers/Film.php(62): redirect()
 4 SYSTEMPATH/CodeIgniter.php(934): App\Controllers\Film->store()
 5 SYSTEMPATH/CodeIgniter.php(499): CodeIgniter\CodeIgniter->runController()
 6 SYSTEMPATH/CodeIgniter.php(368): CodeIgniter\CodeIgniter->handleRequest()
 7 FCPATH/index.php(67): CodeIgniter\CodeIgniter->run()
 8 SYSTEMPATH/Commands/Server/rewrite.php(47): require_once('/home/shirooneko/Documents/webFramework/PHP Framework - CRUD/public/index.php')
CRITICAL - 2023-06-21 03:06:43 --> Invalid file: "film/genre.php"
in SYSTEMPATH/Exceptions/FrameworkException.php on line 33.
 1 SYSTEMPATH/View/View.php(201): CodeIgniter\Exceptions\FrameworkException::forInvalidFile()
 2 SYSTEMPATH/Common.php(1184): CodeIgniter\View\View->render()
 3 APPPATH/Controllers/Film.php(31): view()
 4 SYSTEMPATH/CodeIgniter.php(934): App\Controllers\Film->genre()
 5 SYSTEMPATH/CodeIgniter.php(499): CodeIgniter\CodeIgniter->runController()
 6 SYSTEMPATH/CodeIgniter.php(368): CodeIgniter\CodeIgniter->handleRequest()
 7 FCPATH/index.php(67): CodeIgniter\CodeIgniter->run()
 8 SYSTEMPATH/Commands/Server/rewrite.php(47): require_once('/home/shirooneko/Documents/webFramework/PHP Framework - CRUD/public/index.php')
CRITICAL - 2023-06-21 03:09:43 --> Undefined variable $dataFilm
in APPPATH/Views/film/table.php on line 27.
 1 APPPATH/Views/film/table.php(27): CodeIgniter\Debug\Exceptions->errorHandler()
 2 SYSTEMPATH/View/View.php(213): include('/home/shirooneko/Documents/webFramework/PHP Framework - CRUD/app/Views/film/table.php')
 3 SYSTEMPATH/View/View.php(216): CodeIgniter\View\View->CodeIgniter\View\{closure}()
 4 SYSTEMPATH/Common.php(1184): CodeIgniter\View\View->render()
 5 APPPATH/Controllers/Film.php(62): view()
 6 SYSTEMPATH/CodeIgniter.php(934): App\Controllers\Film->store()
 7 SYSTEMPATH/CodeIgniter.php(499): CodeIgniter\CodeIgniter->runController()
 8 SYSTEMPATH/CodeIgniter.php(368): CodeIgniter\CodeIgniter->handleRequest()
 9 FCPATH/index.php(67): CodeIgniter\CodeIgniter->run()
10 SYSTEMPATH/Commands/Server/rewrite.php(47): require_once('/home/shirooneko/Documents/webFramework/PHP Framework - CRUD/public/index.php')
CRITICAL - 2023-06-21 03:12:31 --> Too few arguments to function CodeIgniter\HTTP\RedirectResponse::to(), 0 passed in /home/shirooneko/Documents/webFramework/PHP Framework - CRUD/app/Controllers/Film.php on line 62 and at least 1 expected
in SYSTEMPATH/HTTP/RedirectResponse.php on line 32.
 1 APPPATH/Controllers/Film.php(62): CodeIgniter\HTTP\RedirectResponse->to()
 2 SYSTEMPATH/CodeIgniter.php(934): App\Controllers\Film->store()
 3 SYSTEMPATH/CodeIgniter.php(499): CodeIgniter\CodeIgniter->runController()
 4 SYSTEMPATH/CodeIgniter.php(368): CodeIgniter\CodeIgniter->handleRequest()
 5 FCPATH/index.php(67): CodeIgniter\CodeIgniter->run()
 6 SYSTEMPATH/Commands/Server/rewrite.php(47): require_once('/home/shirooneko/Documents/webFramework/PHP Framework - CRUD/public/index.php')
CRITICAL - 2023-06-21 03:38:20 --> Undefined array key " id_genre"
in APPPATH/Views/film/add.php on line 38.
 1 APPPATH/Views/film/add.php(38): CodeIgniter\Debug\Exceptions->errorHandler()
 2 SYSTEMPATH/View/View.php(213): include('/home/shirooneko/Documents/webFramework/PHP Framework - CRUD/app/Views/film/add.php')
 3 SYSTEMPATH/View/View.php(216): CodeIgniter\View\View->CodeIgniter\View\{closure}()
 4 SYSTEMPATH/Common.php(1184): CodeIgniter\View\View->render()
 5 APPPATH/Controllers/Film.php(43): view()
 6 SYSTEMPATH/CodeIgniter.php(934): App\Controllers\Film->add()
 7 SYSTEMPATH/CodeIgniter.php(499): CodeIgniter\CodeIgniter->runController()
 8 SYSTEMPATH/CodeIgniter.php(368): CodeIgniter\CodeIgniter->handleRequest()
 9 FCPATH/index.php(67): CodeIgniter\CodeIgniter->run()
10 SYSTEMPATH/Commands/Server/rewrite.php(47): require_once('/home/shirooneko/Documents/webFramework/PHP Framework - CRUD/public/index.php')
CRITICAL - 2023-06-21 03:38:28 --> Undefined array key " id_genre"
in APPPATH/Views/film/add.php on line 38.
 1 APPPATH/Views/film/add.php(38): CodeIgniter\Debug\Exceptions->errorHandler()
 2 SYSTEMPATH/View/View.php(213): include('/home/shirooneko/Documents/webFramework/PHP Framework - CRUD/app/Views/film/add.php')
 3 SYSTEMPATH/View/View.php(216): CodeIgniter\View\View->CodeIgniter\View\{closure}()
 4 SYSTEMPATH/Common.php(1184): CodeIgniter\View\View->render()
 5 APPPATH/Controllers/Film.php(43): view()
 6 SYSTEMPATH/CodeIgniter.php(934): App\Controllers\Film->add()
 7 SYSTEMPATH/CodeIgniter.php(499): CodeIgniter\CodeIgniter->runController()
 8 SYSTEMPATH/CodeIgniter.php(368): CodeIgniter\CodeIgniter->handleRequest()
 9 FCPATH/index.php(67): CodeIgniter\CodeIgniter->run()
10 SYSTEMPATH/Commands/Server/rewrite.php(47): require_once('/home/shirooneko/Documents/webFramework/PHP Framework - CRUD/public/index.php')
CRITICAL - 2023-06-21 03:39:24 --> Undefined array key " id_genre"
in APPPATH/Views/film/add.php on line 38.
 1 APPPATH/Views/film/add.php(38): CodeIgniter\Debug\Exceptions->errorHandler()
 2 SYSTEMPATH/View/View.php(213): include('/home/shirooneko/Documents/webFramework/PHP Framework - CRUD/app/Views/film/add.php')
 3 SYSTEMPATH/View/View.php(216): CodeIgniter\View\View->CodeIgniter\View\{closure}()
 4 SYSTEMPATH/Common.php(1184): CodeIgniter\View\View->render()
 5 APPPATH/Controllers/Film.php(43): view()
 6 SYSTEMPATH/CodeIgniter.php(934): App\Controllers\Film->add()
 7 SYSTEMPATH/CodeIgniter.php(499): CodeIgniter\CodeIgniter->runController()
 8 SYSTEMPATH/CodeIgniter.php(368): CodeIgniter\CodeIgniter->handleRequest()
 9 FCPATH/index.php(67): CodeIgniter\CodeIgniter->run()
10 SYSTEMPATH/Commands/Server/rewrite.php(47): require_once('/home/shirooneko/Documents/webFramework/PHP Framework - CRUD/public/index.php')
CRITICAL - 2023-06-21 03:39:55 --> The original file is not a valid file.
in SYSTEMPATH/HTTP/Files/UploadedFile.php on line 137.
 1 SYSTEMPATH/HTTP/Files/UploadedFile.php(137): CodeIgniter\HTTP\Exceptions\HTTPException::forInvalidFile()
 2 APPPATH/Controllers/Film.php(53): CodeIgniter\HTTP\Files\UploadedFile->move()
 3 SYSTEMPATH/CodeIgniter.php(934): App\Controllers\Film->store()
 4 SYSTEMPATH/CodeIgniter.php(499): CodeIgniter\CodeIgniter->runController()
 5 SYSTEMPATH/CodeIgniter.php(368): CodeIgniter\CodeIgniter->handleRequest()
 6 FCPATH/index.php(67): CodeIgniter\CodeIgniter->run()
 7 SYSTEMPATH/Commands/Server/rewrite.php(47): require_once('/home/shirooneko/Documents/webFramework/PHP Framework - CRUD/public/index.php')
INFO - 2023-06-21 03:42:26 --> Session: Class initialized using 'CodeIgniter\Session\Handlers\FileHandler' driver.
CRITICAL - 2023-06-21 03:42:26 --> Undefined array key "id"
in APPPATH/Views/film/add.php on line 36.
 1 APPPATH/Views/film/add.php(36): CodeIgniter\Debug\Exceptions->errorHandler()
 2 SYSTEMPATH/View/View.php(213): include('/home/shirooneko/Documents/webFramework/PHP Framework - CRUD/app/Views/film/add.php')
 3 SYSTEMPATH/View/View.php(216): CodeIgniter\View\View->CodeIgniter\View\{closure}()
 4 SYSTEMPATH/Common.php(1184): CodeIgniter\View\View->render()
 5 APPPATH/Controllers/Film.php(43): view()
 6 SYSTEMPATH/CodeIgniter.php(934): App\Controllers\Film->add()
 7 SYSTEMPATH/CodeIgniter.php(499): CodeIgniter\CodeIgniter->runController()
 8 SYSTEMPATH/CodeIgniter.php(368): CodeIgniter\CodeIgniter->handleRequest()
 9 FCPATH/index.php(67): CodeIgniter\CodeIgniter->run()
10 SYSTEMPATH/Commands/Server/rewrite.php(47): require_once('/home/shirooneko/Documents/webFramework/PHP Framework - CRUD/public/index.php')
INFO - 2023-06-21 03:42:58 --> Session: Class initialized using 'CodeIgniter\Session\Handlers\FileHandler' driver.
CRITICAL - 2023-06-21 03:43:01 --> The original file is not a valid file.
in SYSTEMPATH/HTTP/Files/UploadedFile.php on line 137.
 1 SYSTEMPATH/HTTP/Files/UploadedFile.php(137): CodeIgniter\HTTP\Exceptions\HTTPException::forInvalidFile()
 2 APPPATH/Controllers/Film.php(53): CodeIgniter\HTTP\Files\UploadedFile->move()
 3 SYSTEMPATH/CodeIgniter.php(934): App\Controllers\Film->store()
 4 SYSTEMPATH/CodeIgniter.php(499): CodeIgniter\CodeIgniter->runController()
 5 SYSTEMPATH/CodeIgniter.php(368): CodeIgniter\CodeIgniter->handleRequest()
 6 FCPATH/index.php(67): CodeIgniter\CodeIgniter->run()
 7 SYSTEMPATH/Commands/Server/rewrite.php(47): require_once('/home/shirooneko/Documents/webFramework/PHP Framework - CRUD/public/index.php')
INFO - 2023-06-21 03:43:04 --> Session: Class initialized using 'CodeIgniter\Session\Handlers\FileHandler' driver.
INFO - 2023-06-21 03:45:40 --> Session: Class initialized using 'CodeIgniter\Session\Handlers\FileHandler' driver.
CRITICAL - 2023-06-21 03:45:42 --> The original file is not a valid file.
in SYSTEMPATH/HTTP/Files/UploadedFile.php on line 137.
 1 SYSTEMPATH/HTTP/Files/UploadedFile.php(137): CodeIgniter\HTTP\Exceptions\HTTPException::forInvalidFile()
 2 APPPATH/Controllers/Film.php(54): CodeIgniter\HTTP\Files\UploadedFile->move()
 3 SYSTEMPATH/CodeIgniter.php(934): App\Controllers\Film->store()
 4 SYSTEMPATH/CodeIgniter.php(499): CodeIgniter\CodeIgniter->runController()
 5 SYSTEMPATH/CodeIgniter.php(368): CodeIgniter\CodeIgniter->handleRequest()
 6 FCPATH/index.php(67): CodeIgniter\CodeIgniter->run()
 7 SYSTEMPATH/Commands/Server/rewrite.php(47): require_once('/home/shirooneko/Documents/webFramework/PHP Framework - CRUD/public/index.php')
INFO - 2023-06-21 03:45:45 --> Session: Class initialized using 'CodeIgniter\Session\Handlers\FileHandler' driver.
INFO - 2023-06-21 04:02:55 --> Session: Class initialized using 'CodeIgniter\Session\Handlers\FileHandler' driver.
CRITICAL - 2023-06-21 04:02:57 --> Undefined constant "App\Controllers\validation"
in APPPATH/Controllers/Film.php on line 78.
 1 SYSTEMPATH/CodeIgniter.php(934): App\Controllers\Film->store()
 2 SYSTEMPATH/CodeIgniter.php(499): CodeIgniter\CodeIgniter->runController()
 3 SYSTEMPATH/CodeIgniter.php(368): CodeIgniter\CodeIgniter->handleRequest()
 4 FCPATH/index.php(67): CodeIgniter\CodeIgniter->run()
 5 SYSTEMPATH/Commands/Server/rewrite.php(47): require_once('/home/shirooneko/Documents/webFramework/PHP Framework - CRUD/public/index.php')
INFO - 2023-06-21 04:03:04 --> Session: Class initialized using 'CodeIgniter\Session\Handlers\FileHandler' driver.
CRITICAL - 2023-06-21 04:03:17 --> Undefined constant "App\Controllers\validation"
in APPPATH/Controllers/Film.php on line 78.
 1 SYSTEMPATH/CodeIgniter.php(934): App\Controllers\Film->store()
 2 SYSTEMPATH/CodeIgniter.php(499): CodeIgniter\CodeIgniter->runController()
 3 SYSTEMPATH/CodeIgniter.php(368): CodeIgniter\CodeIgniter->handleRequest()
 4 FCPATH/index.php(67): CodeIgniter\CodeIgniter->run()
 5 SYSTEMPATH/Commands/Server/rewrite.php(47): require_once('/home/shirooneko/Documents/webFramework/PHP Framework - CRUD/public/index.php')
INFO - 2023-06-21 04:03:20 --> Session: Class initialized using 'CodeIgniter\Session\Handlers\FileHandler' driver.
CRITICAL - 2023-06-21 04:03:22 --> Undefined constant "App\Controllers\validation"
in APPPATH/Controllers/Film.php on line 78.
 1 SYSTEMPATH/CodeIgniter.php(934): App\Controllers\Film->store()
 2 SYSTEMPATH/CodeIgniter.php(499): CodeIgniter\CodeIgniter->runController()
 3 SYSTEMPATH/CodeIgniter.php(368): CodeIgniter\CodeIgniter->handleRequest()
 4 FCPATH/index.php(67): CodeIgniter\CodeIgniter->run()
 5 SYSTEMPATH/Commands/Server/rewrite.php(47): require_once('/home/shirooneko/Documents/webFramework/PHP Framework - CRUD/public/index.php')
INFO - 2023-06-21 04:03:24 --> Session: Class initialized using 'CodeIgniter\Session\Handlers\FileHandler' driver.
INFO - 2023-06-21 04:03:25 --> Session: Class initialized using 'CodeIgniter\Session\Handlers\FileHandler' driver.
CRITICAL - 2023-06-21 04:03:27 --> Undefined constant "App\Controllers\validation"
in APPPATH/Controllers/Film.php on line 78.
 1 SYSTEMPATH/CodeIgniter.php(934): App\Controllers\Film->store()
 2 SYSTEMPATH/CodeIgniter.php(499): CodeIgniter\CodeIgniter->runController()
 3 SYSTEMPATH/CodeIgniter.php(368): CodeIgniter\CodeIgniter->handleRequest()
 4 FCPATH/index.php(67): CodeIgniter\CodeIgniter->run()
 5 SYSTEMPATH/Commands/Server/rewrite.php(47): require_once('/home/shirooneko/Documents/webFramework/PHP Framework - CRUD/public/index.php')
INFO - 2023-06-21 04:03:32 --> Session: Class initialized using 'CodeIgniter\Session\Handlers\FileHandler' driver.
INFO - 2023-06-21 04:04:01 --> Session: Class initialized using 'CodeIgniter\Session\Handlers\FileHandler' driver.
CRITICAL - 2023-06-21 04:04:03 --> Undefined constant "App\Controllers\validation"
in APPPATH/Controllers/Film.php on line 78.
 1 SYSTEMPATH/CodeIgniter.php(934): App\Controllers\Film->store()
 2 SYSTEMPATH/CodeIgniter.php(499): CodeIgniter\CodeIgniter->runController()
 3 SYSTEMPATH/CodeIgniter.php(368): CodeIgniter\CodeIgniter->handleRequest()
 4 FCPATH/index.php(67): CodeIgniter\CodeIgniter->run()
 5 SYSTEMPATH/Commands/Server/rewrite.php(47): require_once('/home/shirooneko/Documents/webFramework/PHP Framework - CRUD/public/index.php')
INFO - 2023-06-21 04:04:15 --> Session: Class initialized using 'CodeIgniter\Session\Handlers\FileHandler' driver.
INFO - 2023-06-21 04:04:30 --> Session: Class initialized using 'CodeIgniter\Session\Handlers\FileHandler' driver.
CRITICAL - 2023-06-21 04:04:32 --> Undefined property: CodeIgniter\HTTP\RedirectResponse::$back
in APPPATH/Controllers/Film.php on line 81.
 1 APPPATH/Controllers/Film.php(81): CodeIgniter\Debug\Exceptions->errorHandler()
 2 SYSTEMPATH/CodeIgniter.php(934): App\Controllers\Film->store()
 3 SYSTEMPATH/CodeIgniter.php(499): CodeIgniter\CodeIgniter->runController()
 4 SYSTEMPATH/CodeIgniter.php(368): CodeIgniter\CodeIgniter->handleRequest()
 5 FCPATH/index.php(67): CodeIgniter\CodeIgniter->run()
 6 SYSTEMPATH/Commands/Server/rewrite.php(47): require_once('/home/shirooneko/Documents/webFramework/PHP Framework - CRUD/public/index.php')
INFO - 2023-06-21 04:06:11 --> Session: Class initialized using 'CodeIgniter\Session\Handlers\FileHandler' driver.
INFO - 2023-06-21 04:06:11 --> Session: Class initialized using 'CodeIgniter\Session\Handlers\FileHandler' driver.
INFO - 2023-06-21 04:06:18 --> Session: Class initialized using 'CodeIgniter\Session\Handlers\FileHandler' driver.
INFO - 2023-06-21 04:06:18 --> Session: Class initialized using 'CodeIgniter\Session\Handlers\FileHandler' driver.
INFO - 2023-06-21 04:06:56 --> Session: Class initialized using 'CodeIgniter\Session\Handlers\FileHandler' driver.
INFO - 2023-06-21 04:06:58 --> Session: Class initialized using 'CodeIgniter\Session\Handlers\FileHandler' driver.
INFO - 2023-06-21 04:06:58 --> Session: Class initialized using 'CodeIgniter\Session\Handlers\FileHandler' driver.
INFO - 2023-06-21 04:08:38 --> Session: Class initialized using 'CodeIgniter\Session\Handlers\FileHandler' driver.
INFO - 2023-06-21 04:14:07 --> Session: Class initialized using 'CodeIgniter\Session\Handlers\FileHandler' driver.
INFO - 2023-06-21 04:14:07 --> Session: Class initialized using 'CodeIgniter\Session\Handlers\FileHandler' driver.
INFO - 2023-06-21 04:22:07 --> Session: Class initialized using 'CodeIgniter\Session\Handlers\FileHandler' driver.
INFO - 2023-06-21 04:27:08 --> Session: Class initialized using 'CodeIgniter\Session\Handlers\FileHandler' driver.
INFO - 2023-06-21 04:27:08 --> Session: Class initialized using 'CodeIgniter\Session\Handlers\FileHandler' driver.
INFO - 2023-06-21 04:28:42 --> Session: Class initialized using 'CodeIgniter\Session\Handlers\FileHandler' driver.
INFO - 2023-06-21 04:29:24 --> Session: Class initialized using 'CodeIgniter\Session\Handlers\FileHandler' driver.
INFO - 2023-06-21 04:29:24 --> Session: Class initialized using 'CodeIgniter\Session\Handlers\FileHandler' driver.
INFO - 2023-06-21 04:53:29 --> Session: Class initialized using 'CodeIgniter\Session\Handlers\FileHandler' driver.
INFO - 2023-06-21 04:53:32 --> Session: Class initialized using 'CodeIgniter\Session\Handlers\FileHandler' driver.
INFO - 2023-06-21 04:53:36 --> Session: Class initialized using 'CodeIgniter\Session\Handlers\FileHandler' driver.
INFO - 2023-06-21 04:53:51 --> Session: Class initialized using 'CodeIgniter\Session\Handlers\FileHandler' driver.
INFO - 2023-06-21 04:53:51 --> Session: Class initialized using 'CodeIgniter\Session\Handlers\FileHandler' driver.
INFO - 2023-06-21 04:58:34 --> Session: Class initialized using 'CodeIgniter\Session\Handlers\FileHandler' driver.
INFO - 2023-06-21 04:59:18 --> Session: Class initialized using 'CodeIgniter\Session\Handlers\FileHandler' driver.
INFO - 2023-06-21 04:59:19 --> Session: Class initialized using 'CodeIgniter\Session\Handlers\FileHandler' driver.
INFO - 2023-06-21 04:59:32 --> Session: Class initialized using 'CodeIgniter\Session\Handlers\FileHandler' driver.
INFO - 2023-06-21 04:59:45 --> Session: Class initialized using 'CodeIgniter\Session\Handlers\FileHandler' driver.
INFO - 2023-06-21 04:59:46 --> Session: Class initialized using 'CodeIgniter\Session\Handlers\FileHandler' driver.
INFO - 2023-06-21 05:00:15 --> Session: Class initialized using 'CodeIgniter\Session\Handlers\FileHandler' driver.
INFO - 2023-06-21 05:00:17 --> Session: Class initialized using 'CodeIgniter\Session\Handlers\FileHandler' driver.
INFO - 2023-06-21 05:00:17 --> Session: Class initialized using 'CodeIgniter\Session\Handlers\FileHandler' driver.
INFO - 2023-06-21 05:00:52 --> Session: Class initialized using 'CodeIgniter\Session\Handlers\FileHandler' driver.
INFO - 2023-06-21 05:00:53 --> Session: Class initialized using 'CodeIgniter\Session\Handlers\FileHandler' driver.
INFO - 2023-06-21 05:00:54 --> Session: Class initialized using 'CodeIgniter\Session\Handlers\FileHandler' driver.
INFO - 2023-06-21 05:00:55 --> Session: Class initialized using 'CodeIgniter\Session\Handlers\FileHandler' driver.
INFO - 2023-06-21 05:00:56 --> Session: Class initialized using 'CodeIgniter\Session\Handlers\FileHandler' driver.
INFO - 2023-06-21 05:00:57 --> Session: Class initialized using 'CodeIgniter\Session\Handlers\FileHandler' driver.
INFO - 2023-06-21 05:00:58 --> Session: Class initialized using 'CodeIgniter\Session\Handlers\FileHandler' driver.
INFO - 2023-06-21 05:00:59 --> Session: Class initialized using 'CodeIgniter\Session\Handlers\FileHandler' driver.
