CRITICAL - 2023-06-20 14:13:57 --> Undefined variable $currentPage
in APPPATH\Views\layout\Layout.php on line 22.
 1 APPPATH\Views\layout\Layout.php(22): CodeIgniter\Debug\Exceptions->errorHandler(2, 'Undefined variable $currentPage', 'E:\\DONT_OPEN_THIS_FOLDER\\TUGAS-KULIAH\\Semester 4\\web-framewordk\\webFramework\\PHP Framework - Membuat Tampilan Menarik Menggunakan Bootstrap\\app\\Views\\layout\\Layout.php', 22)
 2 SYSTEMPATH\View\View.php(213): include('E:\\DONT_OPEN_THIS_FOLDER\\TUGAS-KULIAH\\Semester 4\\web-framewordk\\webFramework\\PHP Framework - Membuat Tampilan Menarik Menggunakan Bootstrap\\app\\Views\\layout\\Layout.php')
 3 SYSTEMPATH\View\View.php(216): CodeIgniter\View\View->CodeIgniter\View\{closure}()
 4 SYSTEMPATH\View\View.php(229): CodeIgniter\View\View->render('layout/Layout', [], true)
 5 SYSTEMPATH\Common.php(1184): CodeIgniter\View\View->render('film/index', [], true)
 6 APPPATH\Controllers\Film.php(32): view('film/index', [...])
 7 SYSTEMPATH\CodeIgniter.php(934): App\Controllers\Film->all()
 8 SYSTEMPATH\CodeIgniter.php(499): CodeIgniter\CodeIgniter->runController(Object(App\Controllers\Film))
 9 SYSTEMPATH\CodeIgniter.php(368): CodeIgniter\CodeIgniter->handleRequest(null, Object(Config\Cache), false)
10 FCPATH\index.php(67): CodeIgniter\CodeIgniter->run()
11 SYSTEMPATH\Commands\Server\rewrite.php(47): require_once('E:\\DONT_OPEN_THIS_FOLDER\\TUGAS-KULIAH\\Semester 4\\web-framewordk\\webFramework\\PHP Framework - Membuat Tampilan Menarik Menggunakan Bootstrap\\public\\index.php')
CRITICAL - 2023-06-20 14:16:29 --> Undefined variable $currentPage
in APPPATH\Views\layout\Layout.php on line 22.
 1 APPPATH\Views\layout\Layout.php(22): CodeIgniter\Debug\Exceptions->errorHandler(2, 'Undefined variable $currentPage', 'E:\\DONT_OPEN_THIS_FOLDER\\TUGAS-KULIAH\\Semester 4\\web-framewordk\\webFramework\\PHP Framework - Membuat Tampilan Menarik Menggunakan Bootstrap\\app\\Views\\layout\\Layout.php', 22)
 2 SYSTEMPATH\View\View.php(213): include('E:\\DONT_OPEN_THIS_FOLDER\\TUGAS-KULIAH\\Semester 4\\web-framewordk\\webFramework\\PHP Framework - Membuat Tampilan Menarik Menggunakan Bootstrap\\app\\Views\\layout\\Layout.php')
 3 SYSTEMPATH\View\View.php(216): CodeIgniter\View\View->CodeIgniter\View\{closure}()
 4 SYSTEMPATH\View\View.php(229): CodeIgniter\View\View->render('layout/Layout', [], true)
 5 SYSTEMPATH\Common.php(1184): CodeIgniter\View\View->render('film/index', [], true)
 6 APPPATH\Controllers\Film.php(32): view('film/index', [...])
 7 SYSTEMPATH\CodeIgniter.php(934): App\Controllers\Film->all()
 8 SYSTEMPATH\CodeIgniter.php(499): CodeIgniter\CodeIgniter->runController(Object(App\Controllers\Film))
 9 SYSTEMPATH\CodeIgniter.php(368): CodeIgniter\CodeIgniter->handleRequest(null, Object(Config\Cache), false)
10 FCPATH\index.php(67): CodeIgniter\CodeIgniter->run()
11 SYSTEMPATH\Commands\Server\rewrite.php(47): require_once('E:\\DONT_OPEN_THIS_FOLDER\\TUGAS-KULIAH\\Semester 4\\web-framewordk\\webFramework\\PHP Framework - Membuat Tampilan Menarik Menggunakan Bootstrap\\public\\index.php')
CRITICAL - 2023-06-20 14:16:30 --> Undefined variable $currentPage
in APPPATH\Views\layout\Layout.php on line 22.
 1 APPPATH\Views\layout\Layout.php(22): CodeIgniter\Debug\Exceptions->errorHandler(2, 'Undefined variable $currentPage', 'E:\\DONT_OPEN_THIS_FOLDER\\TUGAS-KULIAH\\Semester 4\\web-framewordk\\webFramework\\PHP Framework - Membuat Tampilan Menarik Menggunakan Bootstrap\\app\\Views\\layout\\Layout.php', 22)
 2 SYSTEMPATH\View\View.php(213): include('E:\\DONT_OPEN_THIS_FOLDER\\TUGAS-KULIAH\\Semester 4\\web-framewordk\\webFramework\\PHP Framework - Membuat Tampilan Menarik Menggunakan Bootstrap\\app\\Views\\layout\\Layout.php')
 3 SYSTEMPATH\View\View.php(216): CodeIgniter\View\View->CodeIgniter\View\{closure}()
 4 SYSTEMPATH\View\View.php(229): CodeIgniter\View\View->render('layout/Layout', [], true)
 5 SYSTEMPATH\Common.php(1184): CodeIgniter\View\View->render('film/index', [], true)
 6 APPPATH\Controllers\Film.php(32): view('film/index', [...])
 7 SYSTEMPATH\CodeIgniter.php(934): App\Controllers\Film->all()
 8 SYSTEMPATH\CodeIgniter.php(499): CodeIgniter\CodeIgniter->runController(Object(App\Controllers\Film))
 9 SYSTEMPATH\CodeIgniter.php(368): CodeIgniter\CodeIgniter->handleRequest(null, Object(Config\Cache), false)
10 FCPATH\index.php(67): CodeIgniter\CodeIgniter->run()
11 SYSTEMPATH\Commands\Server\rewrite.php(47): require_once('E:\\DONT_OPEN_THIS_FOLDER\\TUGAS-KULIAH\\Semester 4\\web-framewordk\\webFramework\\PHP Framework - Membuat Tampilan Menarik Menggunakan Bootstrap\\public\\index.php')
CRITICAL - 2023-06-20 14:16:31 --> Undefined variable $currentPage
in APPPATH\Views\layout\Layout.php on line 22.
 1 APPPATH\Views\layout\Layout.php(22): CodeIgniter\Debug\Exceptions->errorHandler(2, 'Undefined variable $currentPage', 'E:\\DONT_OPEN_THIS_FOLDER\\TUGAS-KULIAH\\Semester 4\\web-framewordk\\webFramework\\PHP Framework - Membuat Tampilan Menarik Menggunakan Bootstrap\\app\\Views\\layout\\Layout.php', 22)
 2 SYSTEMPATH\View\View.php(213): include('E:\\DONT_OPEN_THIS_FOLDER\\TUGAS-KULIAH\\Semester 4\\web-framewordk\\webFramework\\PHP Framework - Membuat Tampilan Menarik Menggunakan Bootstrap\\app\\Views\\layout\\Layout.php')
 3 SYSTEMPATH\View\View.php(216): CodeIgniter\View\View->CodeIgniter\View\{closure}()
 4 SYSTEMPATH\View\View.php(229): CodeIgniter\View\View->render('layout/Layout', [], true)
 5 SYSTEMPATH\Common.php(1184): CodeIgniter\View\View->render('film/index', [], true)
 6 APPPATH\Controllers\Film.php(32): view('film/index', [...])
 7 SYSTEMPATH\CodeIgniter.php(934): App\Controllers\Film->all()
 8 SYSTEMPATH\CodeIgniter.php(499): CodeIgniter\CodeIgniter->runController(Object(App\Controllers\Film))
 9 SYSTEMPATH\CodeIgniter.php(368): CodeIgniter\CodeIgniter->handleRequest(null, Object(Config\Cache), false)
10 FCPATH\index.php(67): CodeIgniter\CodeIgniter->run()
11 SYSTEMPATH\Commands\Server\rewrite.php(47): require_once('E:\\DONT_OPEN_THIS_FOLDER\\TUGAS-KULIAH\\Semester 4\\web-framewordk\\webFramework\\PHP Framework - Membuat Tampilan Menarik Menggunakan Bootstrap\\public\\index.php')
CRITICAL - 2023-06-20 14:19:20 --> Undefined variable $currentPage
in APPPATH\Views\layout\Layout.php on line 22.
 1 APPPATH\Views\layout\Layout.php(22): CodeIgniter\Debug\Exceptions->errorHandler(2, 'Undefined variable $currentPage', 'E:\\DONT_OPEN_THIS_FOLDER\\TUGAS-KULIAH\\Semester 4\\web-framewordk\\webFramework\\PHP Framework - Membuat Tampilan Menarik Menggunakan Bootstrap\\app\\Views\\layout\\Layout.php', 22)
 2 SYSTEMPATH\View\View.php(213): include('E:\\DONT_OPEN_THIS_FOLDER\\TUGAS-KULIAH\\Semester 4\\web-framewordk\\webFramework\\PHP Framework - Membuat Tampilan Menarik Menggunakan Bootstrap\\app\\Views\\layout\\Layout.php')
 3 SYSTEMPATH\View\View.php(216): CodeIgniter\View\View->CodeIgniter\View\{closure}()
 4 SYSTEMPATH\View\View.php(229): CodeIgniter\View\View->render('layout/Layout', [], true)
 5 SYSTEMPATH\Common.php(1184): CodeIgniter\View\View->render('film/index', [], true)
 6 APPPATH\Controllers\Film.php(35): view('film/index', [...])
 7 SYSTEMPATH\CodeIgniter.php(934): App\Controllers\Film->all()
 8 SYSTEMPATH\CodeIgniter.php(499): CodeIgniter\CodeIgniter->runController(Object(App\Controllers\Film))
 9 SYSTEMPATH\CodeIgniter.php(368): CodeIgniter\CodeIgniter->handleRequest(null, Object(Config\Cache), false)
10 FCPATH\index.php(67): CodeIgniter\CodeIgniter->run()
11 SYSTEMPATH\Commands\Server\rewrite.php(47): require_once('E:\\DONT_OPEN_THIS_FOLDER\\TUGAS-KULIAH\\Semester 4\\web-framewordk\\webFramework\\PHP Framework - Membuat Tampilan Menarik Menggunakan Bootstrap\\public\\index.php')
CRITICAL - 2023-06-20 14:19:21 --> Undefined variable $currentPage
in APPPATH\Views\layout\Layout.php on line 22.
 1 APPPATH\Views\layout\Layout.php(22): CodeIgniter\Debug\Exceptions->errorHandler(2, 'Undefined variable $currentPage', 'E:\\DONT_OPEN_THIS_FOLDER\\TUGAS-KULIAH\\Semester 4\\web-framewordk\\webFramework\\PHP Framework - Membuat Tampilan Menarik Menggunakan Bootstrap\\app\\Views\\layout\\Layout.php', 22)
 2 SYSTEMPATH\View\View.php(213): include('E:\\DONT_OPEN_THIS_FOLDER\\TUGAS-KULIAH\\Semester 4\\web-framewordk\\webFramework\\PHP Framework - Membuat Tampilan Menarik Menggunakan Bootstrap\\app\\Views\\layout\\Layout.php')
 3 SYSTEMPATH\View\View.php(216): CodeIgniter\View\View->CodeIgniter\View\{closure}()
 4 SYSTEMPATH\View\View.php(229): CodeIgniter\View\View->render('layout/Layout', [], true)
 5 SYSTEMPATH\Common.php(1184): CodeIgniter\View\View->render('film/index', [], true)
 6 APPPATH\Controllers\Film.php(35): view('film/index', [...])
 7 SYSTEMPATH\CodeIgniter.php(934): App\Controllers\Film->all()
 8 SYSTEMPATH\CodeIgniter.php(499): CodeIgniter\CodeIgniter->runController(Object(App\Controllers\Film))
 9 SYSTEMPATH\CodeIgniter.php(368): CodeIgniter\CodeIgniter->handleRequest(null, Object(Config\Cache), false)
10 FCPATH\index.php(67): CodeIgniter\CodeIgniter->run()
11 SYSTEMPATH\Commands\Server\rewrite.php(47): require_once('E:\\DONT_OPEN_THIS_FOLDER\\TUGAS-KULIAH\\Semester 4\\web-framewordk\\webFramework\\PHP Framework - Membuat Tampilan Menarik Menggunakan Bootstrap\\public\\index.php')
CRITICAL - 2023-06-20 14:19:21 --> Undefined variable $currentPage
in APPPATH\Views\layout\Layout.php on line 22.
 1 APPPATH\Views\layout\Layout.php(22): CodeIgniter\Debug\Exceptions->errorHandler(2, 'Undefined variable $currentPage', 'E:\\DONT_OPEN_THIS_FOLDER\\TUGAS-KULIAH\\Semester 4\\web-framewordk\\webFramework\\PHP Framework - Membuat Tampilan Menarik Menggunakan Bootstrap\\app\\Views\\layout\\Layout.php', 22)
 2 SYSTEMPATH\View\View.php(213): include('E:\\DONT_OPEN_THIS_FOLDER\\TUGAS-KULIAH\\Semester 4\\web-framewordk\\webFramework\\PHP Framework - Membuat Tampilan Menarik Menggunakan Bootstrap\\app\\Views\\layout\\Layout.php')
 3 SYSTEMPATH\View\View.php(216): CodeIgniter\View\View->CodeIgniter\View\{closure}()
 4 SYSTEMPATH\View\View.php(229): CodeIgniter\View\View->render('layout/Layout', [], true)
 5 SYSTEMPATH\Common.php(1184): CodeIgniter\View\View->render('film/index', [], true)
 6 APPPATH\Controllers\Film.php(35): view('film/index', [...])
 7 SYSTEMPATH\CodeIgniter.php(934): App\Controllers\Film->all()
 8 SYSTEMPATH\CodeIgniter.php(499): CodeIgniter\CodeIgniter->runController(Object(App\Controllers\Film))
 9 SYSTEMPATH\CodeIgniter.php(368): CodeIgniter\CodeIgniter->handleRequest(null, Object(Config\Cache), false)
10 FCPATH\index.php(67): CodeIgniter\CodeIgniter->run()
11 SYSTEMPATH\Commands\Server\rewrite.php(47): require_once('E:\\DONT_OPEN_THIS_FOLDER\\TUGAS-KULIAH\\Semester 4\\web-framewordk\\webFramework\\PHP Framework - Membuat Tampilan Menarik Menggunakan Bootstrap\\public\\index.php')
CRITICAL - 2023-06-20 14:19:22 --> Undefined variable $currentPage
in APPPATH\Views\layout\Layout.php on line 22.
 1 APPPATH\Views\layout\Layout.php(22): CodeIgniter\Debug\Exceptions->errorHandler(2, 'Undefined variable $currentPage', 'E:\\DONT_OPEN_THIS_FOLDER\\TUGAS-KULIAH\\Semester 4\\web-framewordk\\webFramework\\PHP Framework - Membuat Tampilan Menarik Menggunakan Bootstrap\\app\\Views\\layout\\Layout.php', 22)
 2 SYSTEMPATH\View\View.php(213): include('E:\\DONT_OPEN_THIS_FOLDER\\TUGAS-KULIAH\\Semester 4\\web-framewordk\\webFramework\\PHP Framework - Membuat Tampilan Menarik Menggunakan Bootstrap\\app\\Views\\layout\\Layout.php')
 3 SYSTEMPATH\View\View.php(216): CodeIgniter\View\View->CodeIgniter\View\{closure}()
 4 SYSTEMPATH\View\View.php(229): CodeIgniter\View\View->render('layout/Layout', [], true)
 5 SYSTEMPATH\Common.php(1184): CodeIgniter\View\View->render('film/index', [], true)
 6 APPPATH\Controllers\Film.php(35): view('film/index', [...])
 7 SYSTEMPATH\CodeIgniter.php(934): App\Controllers\Film->all()
 8 SYSTEMPATH\CodeIgniter.php(499): CodeIgniter\CodeIgniter->runController(Object(App\Controllers\Film))
 9 SYSTEMPATH\CodeIgniter.php(368): CodeIgniter\CodeIgniter->handleRequest(null, Object(Config\Cache), false)
10 FCPATH\index.php(67): CodeIgniter\CodeIgniter->run()
11 SYSTEMPATH\Commands\Server\rewrite.php(47): require_once('E:\\DONT_OPEN_THIS_FOLDER\\TUGAS-KULIAH\\Semester 4\\web-framewordk\\webFramework\\PHP Framework - Membuat Tampilan Menarik Menggunakan Bootstrap\\public\\index.php')
CRITICAL - 2023-06-20 14:19:22 --> Undefined variable $currentPage
in APPPATH\Views\layout\Layout.php on line 22.
 1 APPPATH\Views\layout\Layout.php(22): CodeIgniter\Debug\Exceptions->errorHandler(2, 'Undefined variable $currentPage', 'E:\\DONT_OPEN_THIS_FOLDER\\TUGAS-KULIAH\\Semester 4\\web-framewordk\\webFramework\\PHP Framework - Membuat Tampilan Menarik Menggunakan Bootstrap\\app\\Views\\layout\\Layout.php', 22)
 2 SYSTEMPATH\View\View.php(213): include('E:\\DONT_OPEN_THIS_FOLDER\\TUGAS-KULIAH\\Semester 4\\web-framewordk\\webFramework\\PHP Framework - Membuat Tampilan Menarik Menggunakan Bootstrap\\app\\Views\\layout\\Layout.php')
 3 SYSTEMPATH\View\View.php(216): CodeIgniter\View\View->CodeIgniter\View\{closure}()
 4 SYSTEMPATH\View\View.php(229): CodeIgniter\View\View->render('layout/Layout', [], true)
 5 SYSTEMPATH\Common.php(1184): CodeIgniter\View\View->render('film/index', [], true)
 6 APPPATH\Controllers\Film.php(35): view('film/index', [...])
 7 SYSTEMPATH\CodeIgniter.php(934): App\Controllers\Film->all()
 8 SYSTEMPATH\CodeIgniter.php(499): CodeIgniter\CodeIgniter->runController(Object(App\Controllers\Film))
 9 SYSTEMPATH\CodeIgniter.php(368): CodeIgniter\CodeIgniter->handleRequest(null, Object(Config\Cache), false)
10 FCPATH\index.php(67): CodeIgniter\CodeIgniter->run()
11 SYSTEMPATH\Commands\Server\rewrite.php(47): require_once('E:\\DONT_OPEN_THIS_FOLDER\\TUGAS-KULIAH\\Semester 4\\web-framewordk\\webFramework\\PHP Framework - Membuat Tampilan Menarik Menggunakan Bootstrap\\public\\index.php')
CRITICAL - 2023-06-20 14:20:21 --> Undefined variable $currentPage
in APPPATH\Views\layout\Layout.php on line 22.
 1 APPPATH\Views\layout\Layout.php(22): CodeIgniter\Debug\Exceptions->errorHandler(2, 'Undefined variable $currentPage', 'E:\\DONT_OPEN_THIS_FOLDER\\TUGAS-KULIAH\\Semester 4\\web-framewordk\\webFramework\\PHP Framework - Membuat Tampilan Menarik Menggunakan Bootstrap\\app\\Views\\layout\\Layout.php', 22)
 2 SYSTEMPATH\View\View.php(213): include('E:\\DONT_OPEN_THIS_FOLDER\\TUGAS-KULIAH\\Semester 4\\web-framewordk\\webFramework\\PHP Framework - Membuat Tampilan Menarik Menggunakan Bootstrap\\app\\Views\\layout\\Layout.php')
 3 SYSTEMPATH\View\View.php(216): CodeIgniter\View\View->CodeIgniter\View\{closure}()
 4 SYSTEMPATH\View\View.php(229): CodeIgniter\View\View->render('layout/Layout', [], true)
 5 SYSTEMPATH\Common.php(1184): CodeIgniter\View\View->render('film/index', [], true)
 6 APPPATH\Controllers\Film.php(34): view('film/index', [...])
 7 SYSTEMPATH\CodeIgniter.php(934): App\Controllers\Film->all()
 8 SYSTEMPATH\CodeIgniter.php(499): CodeIgniter\CodeIgniter->runController(Object(App\Controllers\Film))
 9 SYSTEMPATH\CodeIgniter.php(368): CodeIgniter\CodeIgniter->handleRequest(null, Object(Config\Cache), false)
10 FCPATH\index.php(67): CodeIgniter\CodeIgniter->run()
11 SYSTEMPATH\Commands\Server\rewrite.php(47): require_once('E:\\DONT_OPEN_THIS_FOLDER\\TUGAS-KULIAH\\Semester 4\\web-framewordk\\webFramework\\PHP Framework - Membuat Tampilan Menarik Menggunakan Bootstrap\\public\\index.php')
CRITICAL - 2023-06-20 14:25:53 --> Undefined array key "nama_genre"
in APPPATH\Views\genre\index.php on line 17.
 1 APPPATH\Views\genre\index.php(17): CodeIgniter\Debug\Exceptions->errorHandler(2, 'Undefined array key "nama_genre"', 'E:\\DONT_OPEN_THIS_FOLDER\\TUGAS-KULIAH\\Semester 4\\web-framewordk\\webFramework\\PHP Framework - Membuat Tampilan Menarik Menggunakan Bootstrap\\app\\Views\\genre\\index.php', 17)
 2 SYSTEMPATH\View\View.php(213): include('E:\\DONT_OPEN_THIS_FOLDER\\TUGAS-KULIAH\\Semester 4\\web-framewordk\\webFramework\\PHP Framework - Membuat Tampilan Menarik Menggunakan Bootstrap\\app\\Views\\genre\\index.php')
 3 SYSTEMPATH\View\View.php(216): CodeIgniter\View\View->CodeIgniter\View\{closure}()
 4 SYSTEMPATH\Common.php(1184): CodeIgniter\View\View->render('genre/index', [], true)
 5 APPPATH\Controllers\Film.php(28): view('genre/index', [...])
 6 SYSTEMPATH\CodeIgniter.php(934): App\Controllers\Film->genre()
 7 SYSTEMPATH\CodeIgniter.php(499): CodeIgniter\CodeIgniter->runController(Object(App\Controllers\Film))
 8 SYSTEMPATH\CodeIgniter.php(368): CodeIgniter\CodeIgniter->handleRequest(null, Object(Config\Cache), false)
 9 FCPATH\index.php(67): CodeIgniter\CodeIgniter->run()
10 SYSTEMPATH\Commands\Server\rewrite.php(47): require_once('E:\\DONT_OPEN_THIS_FOLDER\\TUGAS-KULIAH\\Semester 4\\web-framewordk\\webFramework\\PHP Framework - Membuat Tampilan Menarik Menggunakan Bootstrap\\public\\index.php')
