ERROR - 2023-06-17 05:30:57 --> Error connecting to the database: mysqli_sql_exception: No such file or directory in /home/shirooneko/Documents/webFramework/PHP Framework - Membuat Tampilan Menarik Menggunakan Bootstrap/vendor/codeigniter4/framework/system/Database/MySQLi/Connection.php:173
Stack trace:
#0 /home/shirooneko/Documents/webFramework/PHP Framework - Membuat Tampilan Menarik Menggunakan Bootstrap/vendor/codeigniter4/framework/system/Database/MySQLi/Connection.php(173): mysqli->real_connect()
#1 /home/shirooneko/Documents/webFramework/PHP Framework - Membuat Tampilan Menarik Menggunakan Bootstrap/vendor/codeigniter4/framework/system/Database/BaseConnection.php(391): CodeIgniter\Database\MySQLi\Connection->connect()
#2 /home/shirooneko/Documents/webFramework/PHP Framework - Membuat Tampilan Menarik Menggunakan Bootstrap/vendor/codeigniter4/framework/system/Database/BaseConnection.php(574): CodeIgniter\Database\BaseConnection->initialize()
#3 /home/shirooneko/Documents/webFramework/PHP Framework - Membuat Tampilan Menarik Menggunakan Bootstrap/vendor/codeigniter4/framework/system/Database/BaseBuilder.php(1616): CodeIgniter\Database\BaseConnection->query()
#4 /home/shirooneko/Documents/webFramework/PHP Framework - Membuat Tampilan Menarik Menggunakan Bootstrap/app/Models/FilmModel.php(18): CodeIgniter\Database\BaseBuilder->get()
#5 /home/shirooneko/Documents/webFramework/PHP Framework - Membuat Tampilan Menarik Menggunakan Bootstrap/app/Controllers/Film.php(26): App\Models\FilmModel->getAllDataJoin()
#6 /home/shirooneko/Documents/webFramework/PHP Framework - Membuat Tampilan Menarik Menggunakan Bootstrap/vendor/codeigniter4/framework/system/CodeIgniter.php(934): App\Controllers\Film->all()
#7 /home/shirooneko/Documents/webFramework/PHP Framework - Membuat Tampilan Menarik Menggunakan Bootstrap/vendor/codeigniter4/framework/system/CodeIgniter.php(499): CodeIgniter\CodeIgniter->runController()
#8 /home/shirooneko/Documents/webFramework/PHP Framework - Membuat Tampilan Menarik Menggunakan Bootstrap/vendor/codeigniter4/framework/system/CodeIgniter.php(368): CodeIgniter\CodeIgniter->handleRequest()
#9 /home/shirooneko/Documents/webFramework/PHP Framework - Membuat Tampilan Menarik Menggunakan Bootstrap/public/index.php(67): CodeIgniter\CodeIgniter->run()
#10 /home/shirooneko/Documents/webFramework/PHP Framework - Membuat Tampilan Menarik Menggunakan Bootstrap/vendor/codeigniter4/framework/system/Commands/Server/rewrite.php(47): require_once('...')
#11 {main}

Next CodeIgniter\Database\Exceptions\DatabaseException: No such file or directory in /home/shirooneko/Documents/webFramework/PHP Framework - Membuat Tampilan Menarik Menggunakan Bootstrap/vendor/codeigniter4/framework/system/Database/MySQLi/Connection.php:218
Stack trace:
#0 /home/shirooneko/Documents/webFramework/PHP Framework - Membuat Tampilan Menarik Menggunakan Bootstrap/vendor/codeigniter4/framework/system/Database/BaseConnection.php(391): CodeIgniter\Database\MySQLi\Connection->connect()
#1 /home/shirooneko/Documents/webFramework/PHP Framework - Membuat Tampilan Menarik Menggunakan Bootstrap/vendor/codeigniter4/framework/system/Database/BaseConnection.php(574): CodeIgniter\Database\BaseConnection->initialize()
#2 /home/shirooneko/Documents/webFramework/PHP Framework - Membuat Tampilan Menarik Menggunakan Bootstrap/vendor/codeigniter4/framework/system/Database/BaseBuilder.php(1616): CodeIgniter\Database\BaseConnection->query()
#3 /home/shirooneko/Documents/webFramework/PHP Framework - Membuat Tampilan Menarik Menggunakan Bootstrap/app/Models/FilmModel.php(18): CodeIgniter\Database\BaseBuilder->get()
#4 /home/shirooneko/Documents/webFramework/PHP Framework - Membuat Tampilan Menarik Menggunakan Bootstrap/app/Controllers/Film.php(26): App\Models\FilmModel->getAllDataJoin()
#5 /home/shirooneko/Documents/webFramework/PHP Framework - Membuat Tampilan Menarik Menggunakan Bootstrap/vendor/codeigniter4/framework/system/CodeIgniter.php(934): App\Controllers\Film->all()
#6 /home/shirooneko/Documents/webFramework/PHP Framework - Membuat Tampilan Menarik Menggunakan Bootstrap/vendor/codeigniter4/framework/system/CodeIgniter.php(499): CodeIgniter\CodeIgniter->runController()
#7 /home/shirooneko/Documents/webFramework/PHP Framework - Membuat Tampilan Menarik Menggunakan Bootstrap/vendor/codeigniter4/framework/system/CodeIgniter.php(368): CodeIgniter\CodeIgniter->handleRequest()
#8 /home/shirooneko/Documents/webFramework/PHP Framework - Membuat Tampilan Menarik Menggunakan Bootstrap/public/index.php(67): CodeIgniter\CodeIgniter->run()
#9 /home/shirooneko/Documents/webFramework/PHP Framework - Membuat Tampilan Menarik Menggunakan Bootstrap/vendor/codeigniter4/framework/system/Commands/Server/rewrite.php(47): require_once('...')
#10 {main}
CRITICAL - 2023-06-17 05:30:57 --> Unable to connect to the database.
Main connection [MySQLi]: No such file or directory
in SYSTEMPATH/Database/BaseConnection.php on line 427.
 1 SYSTEMPATH/Database/BaseConnection.php(574): CodeIgniter\Database\BaseConnection->initialize()
 2 SYSTEMPATH/Database/BaseBuilder.php(1616): CodeIgniter\Database\BaseConnection->query()
 3 APPPATH/Models/FilmModel.php(18): CodeIgniter\Database\BaseBuilder->get()
 4 APPPATH/Controllers/Film.php(26): App\Models\FilmModel->getAllDataJoin()
 5 SYSTEMPATH/CodeIgniter.php(934): App\Controllers\Film->all()
 6 SYSTEMPATH/CodeIgniter.php(499): CodeIgniter\CodeIgniter->runController()
 7 SYSTEMPATH/CodeIgniter.php(368): CodeIgniter\CodeIgniter->handleRequest()
 8 FCPATH/index.php(67): CodeIgniter\CodeIgniter->run()
 9 SYSTEMPATH/Commands/Server/rewrite.php(47): require_once('/home/shirooneko/Documents/webFramework/PHP Framework - Membuat Tampilan Menarik Menggunakan Bootstrap/public/index.php')
ERROR - 2023-06-17 05:31:00 --> Error connecting to the database: mysqli_sql_exception: No such file or directory in /home/shirooneko/Documents/webFramework/PHP Framework - Membuat Tampilan Menarik Menggunakan Bootstrap/vendor/codeigniter4/framework/system/Database/MySQLi/Connection.php:173
Stack trace:
#0 /home/shirooneko/Documents/webFramework/PHP Framework - Membuat Tampilan Menarik Menggunakan Bootstrap/vendor/codeigniter4/framework/system/Database/MySQLi/Connection.php(173): mysqli->real_connect()
#1 /home/shirooneko/Documents/webFramework/PHP Framework - Membuat Tampilan Menarik Menggunakan Bootstrap/vendor/codeigniter4/framework/system/Database/BaseConnection.php(391): CodeIgniter\Database\MySQLi\Connection->connect()
#2 /home/shirooneko/Documents/webFramework/PHP Framework - Membuat Tampilan Menarik Menggunakan Bootstrap/vendor/codeigniter4/framework/system/Database/BaseConnection.php(574): CodeIgniter\Database\BaseConnection->initialize()
#3 /home/shirooneko/Documents/webFramework/PHP Framework - Membuat Tampilan Menarik Menggunakan Bootstrap/vendor/codeigniter4/framework/system/Database/BaseBuilder.php(1616): CodeIgniter\Database\BaseConnection->query()
#4 /home/shirooneko/Documents/webFramework/PHP Framework - Membuat Tampilan Menarik Menggunakan Bootstrap/app/Models/FilmModel.php(18): CodeIgniter\Database\BaseBuilder->get()
#5 /home/shirooneko/Documents/webFramework/PHP Framework - Membuat Tampilan Menarik Menggunakan Bootstrap/app/Controllers/Film.php(26): App\Models\FilmModel->getAllDataJoin()
#6 /home/shirooneko/Documents/webFramework/PHP Framework - Membuat Tampilan Menarik Menggunakan Bootstrap/vendor/codeigniter4/framework/system/CodeIgniter.php(934): App\Controllers\Film->all()
#7 /home/shirooneko/Documents/webFramework/PHP Framework - Membuat Tampilan Menarik Menggunakan Bootstrap/vendor/codeigniter4/framework/system/CodeIgniter.php(499): CodeIgniter\CodeIgniter->runController()
#8 /home/shirooneko/Documents/webFramework/PHP Framework - Membuat Tampilan Menarik Menggunakan Bootstrap/vendor/codeigniter4/framework/system/CodeIgniter.php(368): CodeIgniter\CodeIgniter->handleRequest()
#9 /home/shirooneko/Documents/webFramework/PHP Framework - Membuat Tampilan Menarik Menggunakan Bootstrap/public/index.php(67): CodeIgniter\CodeIgniter->run()
#10 /home/shirooneko/Documents/webFramework/PHP Framework - Membuat Tampilan Menarik Menggunakan Bootstrap/vendor/codeigniter4/framework/system/Commands/Server/rewrite.php(47): require_once('...')
#11 {main}

Next CodeIgniter\Database\Exceptions\DatabaseException: No such file or directory in /home/shirooneko/Documents/webFramework/PHP Framework - Membuat Tampilan Menarik Menggunakan Bootstrap/vendor/codeigniter4/framework/system/Database/MySQLi/Connection.php:218
Stack trace:
#0 /home/shirooneko/Documents/webFramework/PHP Framework - Membuat Tampilan Menarik Menggunakan Bootstrap/vendor/codeigniter4/framework/system/Database/BaseConnection.php(391): CodeIgniter\Database\MySQLi\Connection->connect()
#1 /home/shirooneko/Documents/webFramework/PHP Framework - Membuat Tampilan Menarik Menggunakan Bootstrap/vendor/codeigniter4/framework/system/Database/BaseConnection.php(574): CodeIgniter\Database\BaseConnection->initialize()
#2 /home/shirooneko/Documents/webFramework/PHP Framework - Membuat Tampilan Menarik Menggunakan Bootstrap/vendor/codeigniter4/framework/system/Database/BaseBuilder.php(1616): CodeIgniter\Database\BaseConnection->query()
#3 /home/shirooneko/Documents/webFramework/PHP Framework - Membuat Tampilan Menarik Menggunakan Bootstrap/app/Models/FilmModel.php(18): CodeIgniter\Database\BaseBuilder->get()
#4 /home/shirooneko/Documents/webFramework/PHP Framework - Membuat Tampilan Menarik Menggunakan Bootstrap/app/Controllers/Film.php(26): App\Models\FilmModel->getAllDataJoin()
#5 /home/shirooneko/Documents/webFramework/PHP Framework - Membuat Tampilan Menarik Menggunakan Bootstrap/vendor/codeigniter4/framework/system/CodeIgniter.php(934): App\Controllers\Film->all()
#6 /home/shirooneko/Documents/webFramework/PHP Framework - Membuat Tampilan Menarik Menggunakan Bootstrap/vendor/codeigniter4/framework/system/CodeIgniter.php(499): CodeIgniter\CodeIgniter->runController()
#7 /home/shirooneko/Documents/webFramework/PHP Framework - Membuat Tampilan Menarik Menggunakan Bootstrap/vendor/codeigniter4/framework/system/CodeIgniter.php(368): CodeIgniter\CodeIgniter->handleRequest()
#8 /home/shirooneko/Documents/webFramework/PHP Framework - Membuat Tampilan Menarik Menggunakan Bootstrap/public/index.php(67): CodeIgniter\CodeIgniter->run()
#9 /home/shirooneko/Documents/webFramework/PHP Framework - Membuat Tampilan Menarik Menggunakan Bootstrap/vendor/codeigniter4/framework/system/Commands/Server/rewrite.php(47): require_once('...')
#10 {main}
CRITICAL - 2023-06-17 05:31:00 --> Unable to connect to the database.
Main connection [MySQLi]: No such file or directory
in SYSTEMPATH/Database/BaseConnection.php on line 427.
 1 SYSTEMPATH/Database/BaseConnection.php(574): CodeIgniter\Database\BaseConnection->initialize()
 2 SYSTEMPATH/Database/BaseBuilder.php(1616): CodeIgniter\Database\BaseConnection->query()
 3 APPPATH/Models/FilmModel.php(18): CodeIgniter\Database\BaseBuilder->get()
 4 APPPATH/Controllers/Film.php(26): App\Models\FilmModel->getAllDataJoin()
 5 SYSTEMPATH/CodeIgniter.php(934): App\Controllers\Film->all()
 6 SYSTEMPATH/CodeIgniter.php(499): CodeIgniter\CodeIgniter->runController()
 7 SYSTEMPATH/CodeIgniter.php(368): CodeIgniter\CodeIgniter->handleRequest()
 8 FCPATH/index.php(67): CodeIgniter\CodeIgniter->run()
 9 SYSTEMPATH/Commands/Server/rewrite.php(47): require_once('/home/shirooneko/Documents/webFramework/PHP Framework - Membuat Tampilan Menarik Menggunakan Bootstrap/public/index.php')
ERROR - 2023-06-17 05:31:01 --> Error connecting to the database: mysqli_sql_exception: No such file or directory in /home/shirooneko/Documents/webFramework/PHP Framework - Membuat Tampilan Menarik Menggunakan Bootstrap/vendor/codeigniter4/framework/system/Database/MySQLi/Connection.php:173
Stack trace:
#0 /home/shirooneko/Documents/webFramework/PHP Framework - Membuat Tampilan Menarik Menggunakan Bootstrap/vendor/codeigniter4/framework/system/Database/MySQLi/Connection.php(173): mysqli->real_connect()
#1 /home/shirooneko/Documents/webFramework/PHP Framework - Membuat Tampilan Menarik Menggunakan Bootstrap/vendor/codeigniter4/framework/system/Database/BaseConnection.php(391): CodeIgniter\Database\MySQLi\Connection->connect()
#2 /home/shirooneko/Documents/webFramework/PHP Framework - Membuat Tampilan Menarik Menggunakan Bootstrap/vendor/codeigniter4/framework/system/Database/BaseConnection.php(574): CodeIgniter\Database\BaseConnection->initialize()
#3 /home/shirooneko/Documents/webFramework/PHP Framework - Membuat Tampilan Menarik Menggunakan Bootstrap/vendor/codeigniter4/framework/system/Database/BaseBuilder.php(1616): CodeIgniter\Database\BaseConnection->query()
#4 /home/shirooneko/Documents/webFramework/PHP Framework - Membuat Tampilan Menarik Menggunakan Bootstrap/app/Models/FilmModel.php(18): CodeIgniter\Database\BaseBuilder->get()
#5 /home/shirooneko/Documents/webFramework/PHP Framework - Membuat Tampilan Menarik Menggunakan Bootstrap/app/Controllers/Film.php(26): App\Models\FilmModel->getAllDataJoin()
#6 /home/shirooneko/Documents/webFramework/PHP Framework - Membuat Tampilan Menarik Menggunakan Bootstrap/vendor/codeigniter4/framework/system/CodeIgniter.php(934): App\Controllers\Film->all()
#7 /home/shirooneko/Documents/webFramework/PHP Framework - Membuat Tampilan Menarik Menggunakan Bootstrap/vendor/codeigniter4/framework/system/CodeIgniter.php(499): CodeIgniter\CodeIgniter->runController()
#8 /home/shirooneko/Documents/webFramework/PHP Framework - Membuat Tampilan Menarik Menggunakan Bootstrap/vendor/codeigniter4/framework/system/CodeIgniter.php(368): CodeIgniter\CodeIgniter->handleRequest()
#9 /home/shirooneko/Documents/webFramework/PHP Framework - Membuat Tampilan Menarik Menggunakan Bootstrap/public/index.php(67): CodeIgniter\CodeIgniter->run()
#10 /home/shirooneko/Documents/webFramework/PHP Framework - Membuat Tampilan Menarik Menggunakan Bootstrap/vendor/codeigniter4/framework/system/Commands/Server/rewrite.php(47): require_once('...')
#11 {main}

Next CodeIgniter\Database\Exceptions\DatabaseException: No such file or directory in /home/shirooneko/Documents/webFramework/PHP Framework - Membuat Tampilan Menarik Menggunakan Bootstrap/vendor/codeigniter4/framework/system/Database/MySQLi/Connection.php:218
Stack trace:
#0 /home/shirooneko/Documents/webFramework/PHP Framework - Membuat Tampilan Menarik Menggunakan Bootstrap/vendor/codeigniter4/framework/system/Database/BaseConnection.php(391): CodeIgniter\Database\MySQLi\Connection->connect()
#1 /home/shirooneko/Documents/webFramework/PHP Framework - Membuat Tampilan Menarik Menggunakan Bootstrap/vendor/codeigniter4/framework/system/Database/BaseConnection.php(574): CodeIgniter\Database\BaseConnection->initialize()
#2 /home/shirooneko/Documents/webFramework/PHP Framework - Membuat Tampilan Menarik Menggunakan Bootstrap/vendor/codeigniter4/framework/system/Database/BaseBuilder.php(1616): CodeIgniter\Database\BaseConnection->query()
#3 /home/shirooneko/Documents/webFramework/PHP Framework - Membuat Tampilan Menarik Menggunakan Bootstrap/app/Models/FilmModel.php(18): CodeIgniter\Database\BaseBuilder->get()
#4 /home/shirooneko/Documents/webFramework/PHP Framework - Membuat Tampilan Menarik Menggunakan Bootstrap/app/Controllers/Film.php(26): App\Models\FilmModel->getAllDataJoin()
#5 /home/shirooneko/Documents/webFramework/PHP Framework - Membuat Tampilan Menarik Menggunakan Bootstrap/vendor/codeigniter4/framework/system/CodeIgniter.php(934): App\Controllers\Film->all()
#6 /home/shirooneko/Documents/webFramework/PHP Framework - Membuat Tampilan Menarik Menggunakan Bootstrap/vendor/codeigniter4/framework/system/CodeIgniter.php(499): CodeIgniter\CodeIgniter->runController()
#7 /home/shirooneko/Documents/webFramework/PHP Framework - Membuat Tampilan Menarik Menggunakan Bootstrap/vendor/codeigniter4/framework/system/CodeIgniter.php(368): CodeIgniter\CodeIgniter->handleRequest()
#8 /home/shirooneko/Documents/webFramework/PHP Framework - Membuat Tampilan Menarik Menggunakan Bootstrap/public/index.php(67): CodeIgniter\CodeIgniter->run()
#9 /home/shirooneko/Documents/webFramework/PHP Framework - Membuat Tampilan Menarik Menggunakan Bootstrap/vendor/codeigniter4/framework/system/Commands/Server/rewrite.php(47): require_once('...')
#10 {main}
CRITICAL - 2023-06-17 05:31:01 --> Unable to connect to the database.
Main connection [MySQLi]: No such file or directory
in SYSTEMPATH/Database/BaseConnection.php on line 427.
 1 SYSTEMPATH/Database/BaseConnection.php(574): CodeIgniter\Database\BaseConnection->initialize()
 2 SYSTEMPATH/Database/BaseBuilder.php(1616): CodeIgniter\Database\BaseConnection->query()
 3 APPPATH/Models/FilmModel.php(18): CodeIgniter\Database\BaseBuilder->get()
 4 APPPATH/Controllers/Film.php(26): App\Models\FilmModel->getAllDataJoin()
 5 SYSTEMPATH/CodeIgniter.php(934): App\Controllers\Film->all()
 6 SYSTEMPATH/CodeIgniter.php(499): CodeIgniter\CodeIgniter->runController()
 7 SYSTEMPATH/CodeIgniter.php(368): CodeIgniter\CodeIgniter->handleRequest()
 8 FCPATH/index.php(67): CodeIgniter\CodeIgniter->run()
 9 SYSTEMPATH/Commands/Server/rewrite.php(47): require_once('/home/shirooneko/Documents/webFramework/PHP Framework - Membuat Tampilan Menarik Menggunakan Bootstrap/public/index.php')
CRITICAL - 2023-06-17 06:33:13 --> Invalid file: "layout.php"
in SYSTEMPATH/Exceptions/FrameworkException.php on line 33.
 1 SYSTEMPATH/View/View.php(201): CodeIgniter\Exceptions\FrameworkException::forInvalidFile()
 2 SYSTEMPATH/View/View.php(229): CodeIgniter\View\View->render()
 3 SYSTEMPATH/Common.php(1184): CodeIgniter\View\View->render()
 4 APPPATH/Controllers/Film.php(27): view()
 5 SYSTEMPATH/CodeIgniter.php(934): App\Controllers\Film->all()
 6 SYSTEMPATH/CodeIgniter.php(499): CodeIgniter\CodeIgniter->runController()
 7 SYSTEMPATH/CodeIgniter.php(368): CodeIgniter\CodeIgniter->handleRequest()
 8 FCPATH/index.php(67): CodeIgniter\CodeIgniter->run()
 9 SYSTEMPATH/Commands/Server/rewrite.php(47): require_once('/home/shirooneko/Documents/webFramework/PHP Framework - Membuat Tampilan Menarik Menggunakan Bootstrap/public/index.php')
CRITICAL - 2023-06-17 06:33:33 --> Invalid file: "/layout.php"
in SYSTEMPATH/Exceptions/FrameworkException.php on line 33.
 1 SYSTEMPATH/View/View.php(201): CodeIgniter\Exceptions\FrameworkException::forInvalidFile()
 2 SYSTEMPATH/View/View.php(229): CodeIgniter\View\View->render()
 3 SYSTEMPATH/Common.php(1184): CodeIgniter\View\View->render()
 4 APPPATH/Controllers/Film.php(27): view()
 5 SYSTEMPATH/CodeIgniter.php(934): App\Controllers\Film->all()
 6 SYSTEMPATH/CodeIgniter.php(499): CodeIgniter\CodeIgniter->runController()
 7 SYSTEMPATH/CodeIgniter.php(368): CodeIgniter\CodeIgniter->handleRequest()
 8 FCPATH/index.php(67): CodeIgniter\CodeIgniter->run()
 9 SYSTEMPATH/Commands/Server/rewrite.php(47): require_once('/home/shirooneko/Documents/webFramework/PHP Framework - Membuat Tampilan Menarik Menggunakan Bootstrap/public/index.php')
CRITICAL - 2023-06-17 06:33:34 --> Invalid file: "/layout.php"
in SYSTEMPATH/Exceptions/FrameworkException.php on line 33.
 1 SYSTEMPATH/View/View.php(201): CodeIgniter\Exceptions\FrameworkException::forInvalidFile()
 2 SYSTEMPATH/View/View.php(229): CodeIgniter\View\View->render()
 3 SYSTEMPATH/Common.php(1184): CodeIgniter\View\View->render()
 4 APPPATH/Controllers/Film.php(27): view()
 5 SYSTEMPATH/CodeIgniter.php(934): App\Controllers\Film->all()
 6 SYSTEMPATH/CodeIgniter.php(499): CodeIgniter\CodeIgniter->runController()
 7 SYSTEMPATH/CodeIgniter.php(368): CodeIgniter\CodeIgniter->handleRequest()
 8 FCPATH/index.php(67): CodeIgniter\CodeIgniter->run()
 9 SYSTEMPATH/Commands/Server/rewrite.php(47): require_once('/home/shirooneko/Documents/webFramework/PHP Framework - Membuat Tampilan Menarik Menggunakan Bootstrap/public/index.php')
CRITICAL - 2023-06-17 06:34:15 --> Invalid file: "/layout.php"
in SYSTEMPATH/Exceptions/FrameworkException.php on line 33.
 1 SYSTEMPATH/View/View.php(201): CodeIgniter\Exceptions\FrameworkException::forInvalidFile()
 2 SYSTEMPATH/View/View.php(229): CodeIgniter\View\View->render()
 3 SYSTEMPATH/Common.php(1184): CodeIgniter\View\View->render()
 4 APPPATH/Controllers/Film.php(27): view()
 5 SYSTEMPATH/CodeIgniter.php(934): App\Controllers\Film->all()
 6 SYSTEMPATH/CodeIgniter.php(499): CodeIgniter\CodeIgniter->runController()
 7 SYSTEMPATH/CodeIgniter.php(368): CodeIgniter\CodeIgniter->handleRequest()
 8 FCPATH/index.php(67): CodeIgniter\CodeIgniter->run()
 9 SYSTEMPATH/Commands/Server/rewrite.php(47): require_once('/home/shirooneko/Documents/webFramework/PHP Framework - Membuat Tampilan Menarik Menggunakan Bootstrap/public/index.php')
CRITICAL - 2023-06-17 06:34:17 --> Invalid file: "/layout.php"
in SYSTEMPATH/Exceptions/FrameworkException.php on line 33.
 1 SYSTEMPATH/View/View.php(201): CodeIgniter\Exceptions\FrameworkException::forInvalidFile()
 2 SYSTEMPATH/View/View.php(229): CodeIgniter\View\View->render()
 3 SYSTEMPATH/Common.php(1184): CodeIgniter\View\View->render()
 4 APPPATH/Controllers/Film.php(27): view()
 5 SYSTEMPATH/CodeIgniter.php(934): App\Controllers\Film->all()
 6 SYSTEMPATH/CodeIgniter.php(499): CodeIgniter\CodeIgniter->runController()
 7 SYSTEMPATH/CodeIgniter.php(368): CodeIgniter\CodeIgniter->handleRequest()
 8 FCPATH/index.php(67): CodeIgniter\CodeIgniter->run()
 9 SYSTEMPATH/Commands/Server/rewrite.php(47): require_once('/home/shirooneko/Documents/webFramework/PHP Framework - Membuat Tampilan Menarik Menggunakan Bootstrap/public/index.php')
CRITICAL - 2023-06-17 06:35:51 --> Invalid file: "layout/layout.php"
in SYSTEMPATH/Exceptions/FrameworkException.php on line 33.
 1 SYSTEMPATH/View/View.php(201): CodeIgniter\Exceptions\FrameworkException::forInvalidFile()
 2 SYSTEMPATH/View/View.php(229): CodeIgniter\View\View->render()
 3 SYSTEMPATH/Common.php(1184): CodeIgniter\View\View->render()
 4 APPPATH/Controllers/Film.php(27): view()
 5 SYSTEMPATH/CodeIgniter.php(934): App\Controllers\Film->all()
 6 SYSTEMPATH/CodeIgniter.php(499): CodeIgniter\CodeIgniter->runController()
 7 SYSTEMPATH/CodeIgniter.php(368): CodeIgniter\CodeIgniter->handleRequest()
 8 FCPATH/index.php(67): CodeIgniter\CodeIgniter->run()
 9 SYSTEMPATH/Commands/Server/rewrite.php(47): require_once('/home/shirooneko/Documents/webFramework/PHP Framework - Membuat Tampilan Menarik Menggunakan Bootstrap/public/index.php')
CRITICAL - 2023-06-17 06:35:52 --> Invalid file: "layout/layout.php"
in SYSTEMPATH/Exceptions/FrameworkException.php on line 33.
 1 SYSTEMPATH/View/View.php(201): CodeIgniter\Exceptions\FrameworkException::forInvalidFile()
 2 SYSTEMPATH/View/View.php(229): CodeIgniter\View\View->render()
 3 SYSTEMPATH/Common.php(1184): CodeIgniter\View\View->render()
 4 APPPATH/Controllers/Film.php(27): view()
 5 SYSTEMPATH/CodeIgniter.php(934): App\Controllers\Film->all()
 6 SYSTEMPATH/CodeIgniter.php(499): CodeIgniter\CodeIgniter->runController()
 7 SYSTEMPATH/CodeIgniter.php(368): CodeIgniter\CodeIgniter->handleRequest()
 8 FCPATH/index.php(67): CodeIgniter\CodeIgniter->run()
 9 SYSTEMPATH/Commands/Server/rewrite.php(47): require_once('/home/shirooneko/Documents/webFramework/PHP Framework - Membuat Tampilan Menarik Menggunakan Bootstrap/public/index.php')
CRITICAL - 2023-06-17 06:35:52 --> Invalid file: "layout/layout.php"
in SYSTEMPATH/Exceptions/FrameworkException.php on line 33.
 1 SYSTEMPATH/View/View.php(201): CodeIgniter\Exceptions\FrameworkException::forInvalidFile()
 2 SYSTEMPATH/View/View.php(229): CodeIgniter\View\View->render()
 3 SYSTEMPATH/Common.php(1184): CodeIgniter\View\View->render()
 4 APPPATH/Controllers/Film.php(27): view()
 5 SYSTEMPATH/CodeIgniter.php(934): App\Controllers\Film->all()
 6 SYSTEMPATH/CodeIgniter.php(499): CodeIgniter\CodeIgniter->runController()
 7 SYSTEMPATH/CodeIgniter.php(368): CodeIgniter\CodeIgniter->handleRequest()
 8 FCPATH/index.php(67): CodeIgniter\CodeIgniter->run()
 9 SYSTEMPATH/Commands/Server/rewrite.php(47): require_once('/home/shirooneko/Documents/webFramework/PHP Framework - Membuat Tampilan Menarik Menggunakan Bootstrap/public/index.php')
CRITICAL - 2023-06-17 06:39:12 --> Invalid file: "layout.php"
in SYSTEMPATH/Exceptions/FrameworkException.php on line 33.
 1 SYSTEMPATH/View/View.php(201): CodeIgniter\Exceptions\FrameworkException::forInvalidFile()
 2 SYSTEMPATH/View/View.php(229): CodeIgniter\View\View->render()
 3 SYSTEMPATH/Common.php(1184): CodeIgniter\View\View->render()
 4 APPPATH/Controllers/Film.php(27): view()
 5 SYSTEMPATH/CodeIgniter.php(934): App\Controllers\Film->all()
 6 SYSTEMPATH/CodeIgniter.php(499): CodeIgniter\CodeIgniter->runController()
 7 SYSTEMPATH/CodeIgniter.php(368): CodeIgniter\CodeIgniter->handleRequest()
 8 FCPATH/index.php(67): CodeIgniter\CodeIgniter->run()
 9 SYSTEMPATH/Commands/Server/rewrite.php(47): require_once('/home/shirooneko/Documents/webFramework/PHP Framework - Membuat Tampilan Menarik Menggunakan Bootstrap/public/index.php')
CRITICAL - 2023-06-17 06:40:18 --> Invalid file: "layout.php"
in SYSTEMPATH/Exceptions/FrameworkException.php on line 33.
 1 SYSTEMPATH/View/View.php(201): CodeIgniter\Exceptions\FrameworkException::forInvalidFile()
 2 SYSTEMPATH/View/View.php(229): CodeIgniter\View\View->render()
 3 SYSTEMPATH/Common.php(1184): CodeIgniter\View\View->render()
 4 APPPATH/Controllers/Film.php(27): view()
 5 SYSTEMPATH/CodeIgniter.php(934): App\Controllers\Film->all()
 6 SYSTEMPATH/CodeIgniter.php(499): CodeIgniter\CodeIgniter->runController()
 7 SYSTEMPATH/CodeIgniter.php(368): CodeIgniter\CodeIgniter->handleRequest()
 8 FCPATH/index.php(67): CodeIgniter\CodeIgniter->run()
 9 SYSTEMPATH/Commands/Server/rewrite.php(47): require_once('/home/shirooneko/Documents/webFramework/PHP Framework - Membuat Tampilan Menarik Menggunakan Bootstrap/public/index.php')
CRITICAL - 2023-06-17 06:40:20 --> Invalid file: "layout.php"
in SYSTEMPATH/Exceptions/FrameworkException.php on line 33.
 1 SYSTEMPATH/View/View.php(201): CodeIgniter\Exceptions\FrameworkException::forInvalidFile()
 2 SYSTEMPATH/View/View.php(229): CodeIgniter\View\View->render()
 3 SYSTEMPATH/Common.php(1184): CodeIgniter\View\View->render()
 4 APPPATH/Controllers/Film.php(27): view()
 5 SYSTEMPATH/CodeIgniter.php(934): App\Controllers\Film->all()
 6 SYSTEMPATH/CodeIgniter.php(499): CodeIgniter\CodeIgniter->runController()
 7 SYSTEMPATH/CodeIgniter.php(368): CodeIgniter\CodeIgniter->handleRequest()
 8 FCPATH/index.php(67): CodeIgniter\CodeIgniter->run()
 9 SYSTEMPATH/Commands/Server/rewrite.php(47): require_once('/home/shirooneko/Documents/webFramework/PHP Framework - Membuat Tampilan Menarik Menggunakan Bootstrap/public/index.php')
CRITICAL - 2023-06-17 06:40:21 --> Invalid file: "layout.php"
in SYSTEMPATH/Exceptions/FrameworkException.php on line 33.
 1 SYSTEMPATH/View/View.php(201): CodeIgniter\Exceptions\FrameworkException::forInvalidFile()
 2 SYSTEMPATH/View/View.php(229): CodeIgniter\View\View->render()
 3 SYSTEMPATH/Common.php(1184): CodeIgniter\View\View->render()
 4 APPPATH/Controllers/Film.php(27): view()
 5 SYSTEMPATH/CodeIgniter.php(934): App\Controllers\Film->all()
 6 SYSTEMPATH/CodeIgniter.php(499): CodeIgniter\CodeIgniter->runController()
 7 SYSTEMPATH/CodeIgniter.php(368): CodeIgniter\CodeIgniter->handleRequest()
 8 FCPATH/index.php(67): CodeIgniter\CodeIgniter->run()
 9 SYSTEMPATH/Commands/Server/rewrite.php(47): require_once('/home/shirooneko/Documents/webFramework/PHP Framework - Membuat Tampilan Menarik Menggunakan Bootstrap/public/index.php')
CRITICAL - 2023-06-17 06:40:43 --> Invalid file: "/layout.php"
in SYSTEMPATH/Exceptions/FrameworkException.php on line 33.
 1 SYSTEMPATH/View/View.php(201): CodeIgniter\Exceptions\FrameworkException::forInvalidFile()
 2 SYSTEMPATH/View/View.php(229): CodeIgniter\View\View->render()
 3 SYSTEMPATH/Common.php(1184): CodeIgniter\View\View->render()
 4 APPPATH/Controllers/Film.php(27): view()
 5 SYSTEMPATH/CodeIgniter.php(934): App\Controllers\Film->all()
 6 SYSTEMPATH/CodeIgniter.php(499): CodeIgniter\CodeIgniter->runController()
 7 SYSTEMPATH/CodeIgniter.php(368): CodeIgniter\CodeIgniter->handleRequest()
 8 FCPATH/index.php(67): CodeIgniter\CodeIgniter->run()
 9 SYSTEMPATH/Commands/Server/rewrite.php(47): require_once('/home/shirooneko/Documents/webFramework/PHP Framework - Membuat Tampilan Menarik Menggunakan Bootstrap/public/index.php')
CRITICAL - 2023-06-17 06:40:44 --> Invalid file: "/layout.php"
in SYSTEMPATH/Exceptions/FrameworkException.php on line 33.
 1 SYSTEMPATH/View/View.php(201): CodeIgniter\Exceptions\FrameworkException::forInvalidFile()
 2 SYSTEMPATH/View/View.php(229): CodeIgniter\View\View->render()
 3 SYSTEMPATH/Common.php(1184): CodeIgniter\View\View->render()
 4 APPPATH/Controllers/Film.php(27): view()
 5 SYSTEMPATH/CodeIgniter.php(934): App\Controllers\Film->all()
 6 SYSTEMPATH/CodeIgniter.php(499): CodeIgniter\CodeIgniter->runController()
 7 SYSTEMPATH/CodeIgniter.php(368): CodeIgniter\CodeIgniter->handleRequest()
 8 FCPATH/index.php(67): CodeIgniter\CodeIgniter->run()
 9 SYSTEMPATH/Commands/Server/rewrite.php(47): require_once('/home/shirooneko/Documents/webFramework/PHP Framework - Membuat Tampilan Menarik Menggunakan Bootstrap/public/index.php')
CRITICAL - 2023-06-17 06:41:01 --> Invalid file: "/Layout.php"
in SYSTEMPATH/Exceptions/FrameworkException.php on line 33.
 1 SYSTEMPATH/View/View.php(201): CodeIgniter\Exceptions\FrameworkException::forInvalidFile()
 2 SYSTEMPATH/View/View.php(229): CodeIgniter\View\View->render()
 3 SYSTEMPATH/Common.php(1184): CodeIgniter\View\View->render()
 4 APPPATH/Controllers/Film.php(27): view()
 5 SYSTEMPATH/CodeIgniter.php(934): App\Controllers\Film->all()
 6 SYSTEMPATH/CodeIgniter.php(499): CodeIgniter\CodeIgniter->runController()
 7 SYSTEMPATH/CodeIgniter.php(368): CodeIgniter\CodeIgniter->handleRequest()
 8 FCPATH/index.php(67): CodeIgniter\CodeIgniter->run()
 9 SYSTEMPATH/Commands/Server/rewrite.php(47): require_once('/home/shirooneko/Documents/webFramework/PHP Framework - Membuat Tampilan Menarik Menggunakan Bootstrap/public/index.php')
CRITICAL - 2023-06-17 06:41:52 --> Invalid file: "/Layout.php"
in SYSTEMPATH/Exceptions/FrameworkException.php on line 33.
 1 SYSTEMPATH/View/View.php(201): CodeIgniter\Exceptions\FrameworkException::forInvalidFile()
 2 SYSTEMPATH/View/View.php(229): CodeIgniter\View\View->render()
 3 SYSTEMPATH/Common.php(1184): CodeIgniter\View\View->render()
 4 APPPATH/Controllers/Film.php(27): view()
 5 SYSTEMPATH/CodeIgniter.php(934): App\Controllers\Film->all()
 6 SYSTEMPATH/CodeIgniter.php(499): CodeIgniter\CodeIgniter->runController()
 7 SYSTEMPATH/CodeIgniter.php(368): CodeIgniter\CodeIgniter->handleRequest()
 8 FCPATH/index.php(67): CodeIgniter\CodeIgniter->run()
 9 SYSTEMPATH/Commands/Server/rewrite.php(47): require_once('/home/shirooneko/Documents/webFramework/PHP Framework - Membuat Tampilan Menarik Menggunakan Bootstrap/public/index.php')
CRITICAL - 2023-06-17 06:41:53 --> Invalid file: "/Layout.php"
in SYSTEMPATH/Exceptions/FrameworkException.php on line 33.
 1 SYSTEMPATH/View/View.php(201): CodeIgniter\Exceptions\FrameworkException::forInvalidFile()
 2 SYSTEMPATH/View/View.php(229): CodeIgniter\View\View->render()
 3 SYSTEMPATH/Common.php(1184): CodeIgniter\View\View->render()
 4 APPPATH/Controllers/Film.php(27): view()
 5 SYSTEMPATH/CodeIgniter.php(934): App\Controllers\Film->all()
 6 SYSTEMPATH/CodeIgniter.php(499): CodeIgniter\CodeIgniter->runController()
 7 SYSTEMPATH/CodeIgniter.php(368): CodeIgniter\CodeIgniter->handleRequest()
 8 FCPATH/index.php(67): CodeIgniter\CodeIgniter->run()
 9 SYSTEMPATH/Commands/Server/rewrite.php(47): require_once('/home/shirooneko/Documents/webFramework/PHP Framework - Membuat Tampilan Menarik Menggunakan Bootstrap/public/index.php')
CRITICAL - 2023-06-17 06:42:16 --> Invalid file: "/Layout.php"
in SYSTEMPATH/Exceptions/FrameworkException.php on line 33.
 1 SYSTEMPATH/View/View.php(201): CodeIgniter\Exceptions\FrameworkException::forInvalidFile()
 2 SYSTEMPATH/View/View.php(229): CodeIgniter\View\View->render()
 3 SYSTEMPATH/Common.php(1184): CodeIgniter\View\View->render()
 4 APPPATH/Controllers/Film.php(27): view()
 5 SYSTEMPATH/CodeIgniter.php(934): App\Controllers\Film->all()
 6 SYSTEMPATH/CodeIgniter.php(499): CodeIgniter\CodeIgniter->runController()
 7 SYSTEMPATH/CodeIgniter.php(368): CodeIgniter\CodeIgniter->handleRequest()
 8 FCPATH/index.php(67): CodeIgniter\CodeIgniter->run()
 9 SYSTEMPATH/Commands/Server/rewrite.php(47): require_once('/home/shirooneko/Documents/webFramework/PHP Framework - Membuat Tampilan Menarik Menggunakan Bootstrap/public/index.php')
CRITICAL - 2023-06-17 06:42:17 --> Invalid file: "/Layout.php"
in SYSTEMPATH/Exceptions/FrameworkException.php on line 33.
 1 SYSTEMPATH/View/View.php(201): CodeIgniter\Exceptions\FrameworkException::forInvalidFile()
 2 SYSTEMPATH/View/View.php(229): CodeIgniter\View\View->render()
 3 SYSTEMPATH/Common.php(1184): CodeIgniter\View\View->render()
 4 APPPATH/Controllers/Film.php(27): view()
 5 SYSTEMPATH/CodeIgniter.php(934): App\Controllers\Film->all()
 6 SYSTEMPATH/CodeIgniter.php(499): CodeIgniter\CodeIgniter->runController()
 7 SYSTEMPATH/CodeIgniter.php(368): CodeIgniter\CodeIgniter->handleRequest()
 8 FCPATH/index.php(67): CodeIgniter\CodeIgniter->run()
 9 SYSTEMPATH/Commands/Server/rewrite.php(47): require_once('/home/shirooneko/Documents/webFramework/PHP Framework - Membuat Tampilan Menarik Menggunakan Bootstrap/public/index.php')
