INFO - 2023-06-27 13:27:24 --> Session: Class initialized using 'CodeIgniter\Session\Handlers\FileHandler' driver.
INFO - 2023-06-27 13:27:36 --> Session: Class initialized using 'CodeIgniter\Session\Handlers\FileHandler' driver.
INFO - 2023-06-27 13:27:52 --> Session: Class initialized using 'CodeIgniter\Session\Handlers\FileHandler' driver.
INFO - 2023-06-27 13:28:08 --> Session: Class initialized using 'CodeIgniter\Session\Handlers\FileHandler' driver.
INFO - 2023-06-27 13:28:09 --> Session: Class initialized using 'CodeIgniter\Session\Handlers\FileHandler' driver.
CRITICAL - 2023-06-27 13:45:54 --> Undefined variable $film
in APPPATH\Views\film\table.php on line 38.
 1 APPPATH\Views\film\table.php(38): CodeIgniter\Debug\Exceptions->errorHandler(2, 'Undefined variable $film', 'E:\\DONT_OPEN_THIS_FOLDER\\TUGAS-KULIAH\\Semester 4\\webFramework\\PHP Framework - CRUD 2\\app\\Views\\film\\table.php', 38)
 2 SYSTEMPATH\View\View.php(213): include('E:\\DONT_OPEN_THIS_FOLDER\\TUGAS-KULIAH\\Semester 4\\webFramework\\PHP Framework - CRUD 2\\app\\Views\\film\\table.php')
 3 SYSTEMPATH\View\View.php(216): CodeIgniter\View\View->CodeIgniter\View\{closure}()
 4 SYSTEMPATH\Common.php(1184): CodeIgniter\View\View->render('film/table', [], true)
 5 APPPATH\Controllers\Film.php(25): view('film/table', [...])
 6 SYSTEMPATH\CodeIgniter.php(934): App\Controllers\Film->index()
 7 SYSTEMPATH\CodeIgniter.php(499): CodeIgniter\CodeIgniter->runController(Object(App\Controllers\Film))
 8 SYSTEMPATH\CodeIgniter.php(368): CodeIgniter\CodeIgniter->handleRequest(null, Object(Config\Cache), false)
 9 FCPATH\index.php(67): CodeIgniter\CodeIgniter->run()
10 SYSTEMPATH\Commands\Server\rewrite.php(47): require_once('E:\\DONT_OPEN_THIS_FOLDER\\TUGAS-KULIAH\\Semester 4\\webFramework\\PHP Framework - CRUD 2\\public\\index.php')
INFO - 2023-06-27 13:46:03 --> Session: Class initialized using 'CodeIgniter\Session\Handlers\FileHandler' driver.
CRITICAL - 2023-06-27 13:46:05 --> Undefined variable $film
in APPPATH\Views\film\table.php on line 38.
 1 APPPATH\Views\film\table.php(38): CodeIgniter\Debug\Exceptions->errorHandler(2, 'Undefined variable $film', 'E:\\DONT_OPEN_THIS_FOLDER\\TUGAS-KULIAH\\Semester 4\\webFramework\\PHP Framework - CRUD 2\\app\\Views\\film\\table.php', 38)
 2 SYSTEMPATH\View\View.php(213): include('E:\\DONT_OPEN_THIS_FOLDER\\TUGAS-KULIAH\\Semester 4\\webFramework\\PHP Framework - CRUD 2\\app\\Views\\film\\table.php')
 3 SYSTEMPATH\View\View.php(216): CodeIgniter\View\View->CodeIgniter\View\{closure}()
 4 SYSTEMPATH\Common.php(1184): CodeIgniter\View\View->render('film/table', [], true)
 5 APPPATH\Controllers\Film.php(25): view('film/table', [...])
 6 SYSTEMPATH\CodeIgniter.php(934): App\Controllers\Film->index()
 7 SYSTEMPATH\CodeIgniter.php(499): CodeIgniter\CodeIgniter->runController(Object(App\Controllers\Film))
 8 SYSTEMPATH\CodeIgniter.php(368): CodeIgniter\CodeIgniter->handleRequest(null, Object(Config\Cache), false)
 9 FCPATH\index.php(67): CodeIgniter\CodeIgniter->run()
10 SYSTEMPATH\Commands\Server\rewrite.php(47): require_once('E:\\DONT_OPEN_THIS_FOLDER\\TUGAS-KULIAH\\Semester 4\\webFramework\\PHP Framework - CRUD 2\\public\\index.php')
INFO - 2023-06-27 13:46:25 --> Session: Class initialized using 'CodeIgniter\Session\Handlers\FileHandler' driver.
INFO - 2023-06-27 13:46:31 --> Session: Class initialized using 'CodeIgniter\Session\Handlers\FileHandler' driver.
